The system is: Linux - 3.3.7-1-ARCH - x86_64
Compiling the C compiler identification source file "CMakeCCompilerId.c" succeeded.
Compiler: /usr/bin/gcc 
Build flags: 
Id flags: 

The output was:
0


Compilation of the C compiler identification source "CMakeCCompilerId.c" produced "a.out"

The C compiler identification is GNU, found in "/home/bumrang/Open.gl/obj/CMakeFiles/CompilerIdC/a.out"

Compiling the CXX compiler identification source file "CMakeCXXCompilerId.cpp" succeeded.
Compiler: /usr/bin/c++ 
Build flags: 
Id flags: 

The output was:
0


Compilation of the CXX compiler identification source "CMakeCXXCompilerId.cpp" produced "a.out"

The CXX compiler identification is GNU, found in "/home/bumrang/Open.gl/obj/CMakeFiles/CompilerIdCXX/a.out"

Determining if the C compiler works passed with the following output:
Change Dir: /home/bumrang/Open.gl/obj/CMakeFiles/CMakeTmp

Run Build Command:/usr/bin/make "cmTryCompileExec3011626658/fast"
/usr/bin/make -f CMakeFiles/cmTryCompileExec3011626658.dir/build.make CMakeFiles/cmTryCompileExec3011626658.dir/build
make[1]: Entering directory `/home/bumrang/Open.gl/obj/CMakeFiles/CMakeTmp'
/usr/bin/cmake -E cmake_progress_report /home/bumrang/Open.gl/obj/CMakeFiles/CMakeTmp/CMakeFiles 1
Building C object CMakeFiles/cmTryCompileExec3011626658.dir/testCCompiler.c.o
/usr/bin/gcc    -o CMakeFiles/cmTryCompileExec3011626658.dir/testCCompiler.c.o   -c /home/bumrang/Open.gl/obj/CMakeFiles/CMakeTmp/testCCompiler.c
Linking C executable cmTryCompileExec3011626658
/usr/bin/cmake -E cmake_link_script CMakeFiles/cmTryCompileExec3011626658.dir/link.txt --verbose=1
/usr/bin/gcc         CMakeFiles/cmTryCompileExec3011626658.dir/testCCompiler.c.o  -o cmTryCompileExec3011626658 -rdynamic 
make[1]: Leaving directory `/home/bumrang/Open.gl/obj/CMakeFiles/CMakeTmp'


Detecting C compiler ABI info compiled with the following output:
Change Dir: /home/bumrang/Open.gl/obj/CMakeFiles/CMakeTmp

Run Build Command:/usr/bin/make "cmTryCompileExec3914983257/fast"
/usr/bin/make -f CMakeFiles/cmTryCompileExec3914983257.dir/build.make CMakeFiles/cmTryCompileExec3914983257.dir/build
make[1]: Entering directory `/home/bumrang/Open.gl/obj/CMakeFiles/CMakeTmp'
/usr/bin/cmake -E cmake_progress_report /home/bumrang/Open.gl/obj/CMakeFiles/CMakeTmp/CMakeFiles 1
Building C object CMakeFiles/cmTryCompileExec3914983257.dir/CMakeCCompilerABI.c.o
/usr/bin/gcc    -o CMakeFiles/cmTryCompileExec3914983257.dir/CMakeCCompilerABI.c.o   -c /usr/share/cmake-2.8/Modules/CMakeCCompilerABI.c
Linking C executable cmTryCompileExec3914983257
/usr/bin/cmake -E cmake_link_script CMakeFiles/cmTryCompileExec3914983257.dir/link.txt --verbose=1
/usr/bin/gcc       -v CMakeFiles/cmTryCompileExec3914983257.dir/CMakeCCompilerABI.c.o  -o cmTryCompileExec3914983257 -rdynamic  
Using built-in specs.
COLLECT_GCC=/usr/bin/gcc
COLLECT_LTO_WRAPPER=/usr/lib/gcc/x86_64-unknown-linux-gnu/4.7.0/lto-wrapper
Target: x86_64-unknown-linux-gnu
Configured with: /build/src/gcc-4.7-20120505/configure --prefix=/usr --libdir=/usr/lib --libexecdir=/usr/lib --mandir=/usr/share/man --infodir=/usr/share/info --with-bugurl=https://bugs.archlinux.org/ --enable-languages=c,c++,ada,fortran,go,lto,objc,obj-c++ --enable-shared --enable-threads=posix --with-system-zlib --enable-__cxa_atexit --disable-libunwind-exceptions --enable-clocale=gnu --disable-libstdcxx-pch --enable-libstdcxx-time --enable-gnu-unique-object --enable-linker-build-id --with-ppl --enable-cloog-backend=isl --enable-lto --enable-gold --enable-ld=default --enable-plugin --with-plugin-ld=ld.gold --with-linker-hash-style=gnu --disable-multilib --disable-libssp --disable-build-with-cxx --disable-build-poststage1-with-cxx --enable-checking=release
Thread model: posix
gcc version 4.7.0 20120505 (prerelease) (GCC) 
COMPILER_PATH=/usr/lib/gcc/x86_64-unknown-linux-gnu/4.7.0/:/usr/lib/gcc/x86_64-unknown-linux-gnu/4.7.0/:/usr/lib/gcc/x86_64-unknown-linux-gnu/:/usr/lib/gcc/x86_64-unknown-linux-gnu/4.7.0/:/usr/lib/gcc/x86_64-unknown-linux-gnu/
LIBRARY_PATH=/usr/lib/gcc/x86_64-unknown-linux-gnu/4.7.0/:/usr/lib/gcc/x86_64-unknown-linux-gnu/4.7.0/../../../../lib/:/lib/../lib/:/usr/lib/../lib/:/usr/lib/gcc/x86_64-unknown-linux-gnu/4.7.0/../../../:/lib/:/usr/lib/
COLLECT_GCC_OPTIONS='-v' '-o' 'cmTryCompileExec3914983257' '-rdynamic' '-mtune=generic' '-march=x86-64'
 /usr/lib/gcc/x86_64-unknown-linux-gnu/4.7.0/collect2 --build-id --eh-frame-hdr --hash-style=gnu -m elf_x86_64 -export-dynamic -dynamic-linker /lib/ld-linux-x86-64.so.2 -o cmTryCompileExec3914983257 /usr/lib/gcc/x86_64-unknown-linux-gnu/4.7.0/../../../../lib/crt1.o /usr/lib/gcc/x86_64-unknown-linux-gnu/4.7.0/../../../../lib/crti.o /usr/lib/gcc/x86_64-unknown-linux-gnu/4.7.0/crtbegin.o -L/usr/lib/gcc/x86_64-unknown-linux-gnu/4.7.0 -L/usr/lib/gcc/x86_64-unknown-linux-gnu/4.7.0/../../../../lib -L/lib/../lib -L/usr/lib/../lib -L/usr/lib/gcc/x86_64-unknown-linux-gnu/4.7.0/../../.. CMakeFiles/cmTryCompileExec3914983257.dir/CMakeCCompilerABI.c.o -lgcc --as-needed -lgcc_s --no-as-needed -lc -lgcc --as-needed -lgcc_s --no-as-needed /usr/lib/gcc/x86_64-unknown-linux-gnu/4.7.0/crtend.o /usr/lib/gcc/x86_64-unknown-linux-gnu/4.7.0/../../../../lib/crtn.o
make[1]: Leaving directory `/home/bumrang/Open.gl/obj/CMakeFiles/CMakeTmp'


Parsed C implicit link information from above output:
  link line regex: [^( *|.*[/\])(ld|ld|collect2)[^/\]*( |$)]
  ignore line: [Change Dir: /home/bumrang/Open.gl/obj/CMakeFiles/CMakeTmp]
  ignore line: []
  ignore line: [Run Build Command:/usr/bin/make "cmTryCompileExec3914983257/fast"]
  ignore line: [/usr/bin/make -f CMakeFiles/cmTryCompileExec3914983257.dir/build.make CMakeFiles/cmTryCompileExec3914983257.dir/build]
  ignore line: [make[1]: Entering directory `/home/bumrang/Open.gl/obj/CMakeFiles/CMakeTmp']
  ignore line: [/usr/bin/cmake -E cmake_progress_report /home/bumrang/Open.gl/obj/CMakeFiles/CMakeTmp/CMakeFiles 1]
  ignore line: [Building C object CMakeFiles/cmTryCompileExec3914983257.dir/CMakeCCompilerABI.c.o]
  ignore line: [/usr/bin/gcc    -o CMakeFiles/cmTryCompileExec3914983257.dir/CMakeCCompilerABI.c.o   -c /usr/share/cmake-2.8/Modules/CMakeCCompilerABI.c]
  ignore line: [Linking C executable cmTryCompileExec3914983257]
  ignore line: [/usr/bin/cmake -E cmake_link_script CMakeFiles/cmTryCompileExec3914983257.dir/link.txt --verbose=1]
  ignore line: [/usr/bin/gcc       -v CMakeFiles/cmTryCompileExec3914983257.dir/CMakeCCompilerABI.c.o  -o cmTryCompileExec3914983257 -rdynamic  ]
  ignore line: [Using built-in specs.]
  ignore line: [COLLECT_GCC=/usr/bin/gcc]
  ignore line: [COLLECT_LTO_WRAPPER=/usr/lib/gcc/x86_64-unknown-linux-gnu/4.7.0/lto-wrapper]
  ignore line: [Target: x86_64-unknown-linux-gnu]
  ignore line: [Configured with: /build/src/gcc-4.7-20120505/configure --prefix=/usr --libdir=/usr/lib --libexecdir=/usr/lib --mandir=/usr/share/man --infodir=/usr/share/info --with-bugurl=https://bugs.archlinux.org/ --enable-languages=c,c++,ada,fortran,go,lto,objc,obj-c++ --enable-shared --enable-threads=posix --with-system-zlib --enable-__cxa_atexit --disable-libunwind-exceptions --enable-clocale=gnu --disable-libstdcxx-pch --enable-libstdcxx-time --enable-gnu-unique-object --enable-linker-build-id --with-ppl --enable-cloog-backend=isl --enable-lto --enable-gold --enable-ld=default --enable-plugin --with-plugin-ld=ld.gold --with-linker-hash-style=gnu --disable-multilib --disable-libssp --disable-build-with-cxx --disable-build-poststage1-with-cxx --enable-checking=release]
  ignore line: [Thread model: posix]
  ignore line: [gcc version 4.7.0 20120505 (prerelease) (GCC) ]
  ignore line: [COMPILER_PATH=/usr/lib/gcc/x86_64-unknown-linux-gnu/4.7.0/:/usr/lib/gcc/x86_64-unknown-linux-gnu/4.7.0/:/usr/lib/gcc/x86_64-unknown-linux-gnu/:/usr/lib/gcc/x86_64-unknown-linux-gnu/4.7.0/:/usr/lib/gcc/x86_64-unknown-linux-gnu/]
  ignore line: [LIBRARY_PATH=/usr/lib/gcc/x86_64-unknown-linux-gnu/4.7.0/:/usr/lib/gcc/x86_64-unknown-linux-gnu/4.7.0/../../../../lib/:/lib/../lib/:/usr/lib/../lib/:/usr/lib/gcc/x86_64-unknown-linux-gnu/4.7.0/../../../:/lib/:/usr/lib/]
  ignore line: [COLLECT_GCC_OPTIONS='-v' '-o' 'cmTryCompileExec3914983257' '-rdynamic' '-mtune=generic' '-march=x86-64']
  link line: [ /usr/lib/gcc/x86_64-unknown-linux-gnu/4.7.0/collect2 --build-id --eh-frame-hdr --hash-style=gnu -m elf_x86_64 -export-dynamic -dynamic-linker /lib/ld-linux-x86-64.so.2 -o cmTryCompileExec3914983257 /usr/lib/gcc/x86_64-unknown-linux-gnu/4.7.0/../../../../lib/crt1.o /usr/lib/gcc/x86_64-unknown-linux-gnu/4.7.0/../../../../lib/crti.o /usr/lib/gcc/x86_64-unknown-linux-gnu/4.7.0/crtbegin.o -L/usr/lib/gcc/x86_64-unknown-linux-gnu/4.7.0 -L/usr/lib/gcc/x86_64-unknown-linux-gnu/4.7.0/../../../../lib -L/lib/../lib -L/usr/lib/../lib -L/usr/lib/gcc/x86_64-unknown-linux-gnu/4.7.0/../../.. CMakeFiles/cmTryCompileExec3914983257.dir/CMakeCCompilerABI.c.o -lgcc --as-needed -lgcc_s --no-as-needed -lc -lgcc --as-needed -lgcc_s --no-as-needed /usr/lib/gcc/x86_64-unknown-linux-gnu/4.7.0/crtend.o /usr/lib/gcc/x86_64-unknown-linux-gnu/4.7.0/../../../../lib/crtn.o]
    arg [/usr/lib/gcc/x86_64-unknown-linux-gnu/4.7.0/collect2] ==> ignore
    arg [--build-id] ==> ignore
    arg [--eh-frame-hdr] ==> ignore
    arg [--hash-style=gnu] ==> ignore
    arg [-m] ==> ignore
    arg [elf_x86_64] ==> ignore
    arg [-export-dynamic] ==> ignore
    arg [-dynamic-linker] ==> ignore
    arg [/lib/ld-linux-x86-64.so.2] ==> ignore
    arg [-o] ==> ignore
    arg [cmTryCompileExec3914983257] ==> ignore
    arg [/usr/lib/gcc/x86_64-unknown-linux-gnu/4.7.0/../../../../lib/crt1.o] ==> ignore
    arg [/usr/lib/gcc/x86_64-unknown-linux-gnu/4.7.0/../../../../lib/crti.o] ==> ignore
    arg [/usr/lib/gcc/x86_64-unknown-linux-gnu/4.7.0/crtbegin.o] ==> ignore
    arg [-L/usr/lib/gcc/x86_64-unknown-linux-gnu/4.7.0] ==> dir [/usr/lib/gcc/x86_64-unknown-linux-gnu/4.7.0]
    arg [-L/usr/lib/gcc/x86_64-unknown-linux-gnu/4.7.0/../../../../lib] ==> dir [/usr/lib/gcc/x86_64-unknown-linux-gnu/4.7.0/../../../../lib]
    arg [-L/lib/../lib] ==> dir [/lib/../lib]
    arg [-L/usr/lib/../lib] ==> dir [/usr/lib/../lib]
    arg [-L/usr/lib/gcc/x86_64-unknown-linux-gnu/4.7.0/../../..] ==> dir [/usr/lib/gcc/x86_64-unknown-linux-gnu/4.7.0/../../..]
    arg [CMakeFiles/cmTryCompileExec3914983257.dir/CMakeCCompilerABI.c.o] ==> ignore
    arg [-lgcc] ==> lib [gcc]
    arg [--as-needed] ==> ignore
    arg [-lgcc_s] ==> lib [gcc_s]
    arg [--no-as-needed] ==> ignore
    arg [-lc] ==> lib [c]
    arg [-lgcc] ==> lib [gcc]
    arg [--as-needed] ==> ignore
    arg [-lgcc_s] ==> lib [gcc_s]
    arg [--no-as-needed] ==> ignore
    arg [/usr/lib/gcc/x86_64-unknown-linux-gnu/4.7.0/crtend.o] ==> ignore
    arg [/usr/lib/gcc/x86_64-unknown-linux-gnu/4.7.0/../../../../lib/crtn.o] ==> ignore
  remove lib [gcc]
  remove lib [gcc_s]
  remove lib [gcc]
  remove lib [gcc_s]
  collapse dir [/usr/lib/gcc/x86_64-unknown-linux-gnu/4.7.0] ==> [/usr/lib/gcc/x86_64-unknown-linux-gnu/4.7.0]
  collapse dir [/usr/lib/gcc/x86_64-unknown-linux-gnu/4.7.0/../../../../lib] ==> [/usr/lib]
  collapse dir [/lib/../lib] ==> [/lib]
  collapse dir [/usr/lib/../lib] ==> [/usr/lib]
  collapse dir [/usr/lib/gcc/x86_64-unknown-linux-gnu/4.7.0/../../..] ==> [/usr/lib]
  implicit libs: [c]
  implicit dirs: [/usr/lib/gcc/x86_64-unknown-linux-gnu/4.7.0;/usr/lib;/lib]


Determining if the CXX compiler works passed with the following output:
Change Dir: /home/bumrang/Open.gl/obj/CMakeFiles/CMakeTmp

Run Build Command:/usr/bin/make "cmTryCompileExec3412069384/fast"
/usr/bin/make -f CMakeFiles/cmTryCompileExec3412069384.dir/build.make CMakeFiles/cmTryCompileExec3412069384.dir/build
make[1]: Entering directory `/home/bumrang/Open.gl/obj/CMakeFiles/CMakeTmp'
/usr/bin/cmake -E cmake_progress_report /home/bumrang/Open.gl/obj/CMakeFiles/CMakeTmp/CMakeFiles 1
Building CXX object CMakeFiles/cmTryCompileExec3412069384.dir/testCXXCompiler.cxx.o
/usr/bin/c++     -o CMakeFiles/cmTryCompileExec3412069384.dir/testCXXCompiler.cxx.o -c /home/bumrang/Open.gl/obj/CMakeFiles/CMakeTmp/testCXXCompiler.cxx
Linking CXX executable cmTryCompileExec3412069384
/usr/bin/cmake -E cmake_link_script CMakeFiles/cmTryCompileExec3412069384.dir/link.txt --verbose=1
/usr/bin/c++          CMakeFiles/cmTryCompileExec3412069384.dir/testCXXCompiler.cxx.o  -o cmTryCompileExec3412069384 -rdynamic 
make[1]: Leaving directory `/home/bumrang/Open.gl/obj/CMakeFiles/CMakeTmp'


Detecting CXX compiler ABI info compiled with the following output:
Change Dir: /home/bumrang/Open.gl/obj/CMakeFiles/CMakeTmp

Run Build Command:/usr/bin/make "cmTryCompileExec1340453698/fast"
/usr/bin/make -f CMakeFiles/cmTryCompileExec1340453698.dir/build.make CMakeFiles/cmTryCompileExec1340453698.dir/build
make[1]: Entering directory `/home/bumrang/Open.gl/obj/CMakeFiles/CMakeTmp'
/usr/bin/cmake -E cmake_progress_report /home/bumrang/Open.gl/obj/CMakeFiles/CMakeTmp/CMakeFiles 1
Building CXX object CMakeFiles/cmTryCompileExec1340453698.dir/CMakeCXXCompilerABI.cpp.o
/usr/bin/c++     -o CMakeFiles/cmTryCompileExec1340453698.dir/CMakeCXXCompilerABI.cpp.o -c /usr/share/cmake-2.8/Modules/CMakeCXXCompilerABI.cpp
Linking CXX executable cmTryCompileExec1340453698
/usr/bin/cmake -E cmake_link_script CMakeFiles/cmTryCompileExec1340453698.dir/link.txt --verbose=1
/usr/bin/c++        -v CMakeFiles/cmTryCompileExec1340453698.dir/CMakeCXXCompilerABI.cpp.o  -o cmTryCompileExec1340453698 -rdynamic  
Using built-in specs.
COLLECT_GCC=/usr/bin/c++
COLLECT_LTO_WRAPPER=/usr/lib/gcc/x86_64-unknown-linux-gnu/4.7.0/lto-wrapper
Target: x86_64-unknown-linux-gnu
Configured with: /build/src/gcc-4.7-20120505/configure --prefix=/usr --libdir=/usr/lib --libexecdir=/usr/lib --mandir=/usr/share/man --infodir=/usr/share/info --with-bugurl=https://bugs.archlinux.org/ --enable-languages=c,c++,ada,fortran,go,lto,objc,obj-c++ --enable-shared --enable-threads=posix --with-system-zlib --enable-__cxa_atexit --disable-libunwind-exceptions --enable-clocale=gnu --disable-libstdcxx-pch --enable-libstdcxx-time --enable-gnu-unique-object --enable-linker-build-id --with-ppl --enable-cloog-backend=isl --enable-lto --enable-gold --enable-ld=default --enable-plugin --with-plugin-ld=ld.gold --with-linker-hash-style=gnu --disable-multilib --disable-libssp --disable-build-with-cxx --disable-build-poststage1-with-cxx --enable-checking=release
Thread model: posix
gcc version 4.7.0 20120505 (prerelease) (GCC) 
COMPILER_PATH=/usr/lib/gcc/x86_64-unknown-linux-gnu/4.7.0/:/usr/lib/gcc/x86_64-unknown-linux-gnu/4.7.0/:/usr/lib/gcc/x86_64-unknown-linux-gnu/:/usr/lib/gcc/x86_64-unknown-linux-gnu/4.7.0/:/usr/lib/gcc/x86_64-unknown-linux-gnu/
LIBRARY_PATH=/usr/lib/gcc/x86_64-unknown-linux-gnu/4.7.0/:/usr/lib/gcc/x86_64-unknown-linux-gnu/4.7.0/../../../../lib/:/lib/../lib/:/usr/lib/../lib/:/usr/lib/gcc/x86_64-unknown-linux-gnu/4.7.0/../../../:/lib/:/usr/lib/
COLLECT_GCC_OPTIONS='-v' '-o' 'cmTryCompileExec1340453698' '-rdynamic' '-shared-libgcc' '-mtune=generic' '-march=x86-64'
 /usr/lib/gcc/x86_64-unknown-linux-gnu/4.7.0/collect2 --build-id --eh-frame-hdr --hash-style=gnu -m elf_x86_64 -export-dynamic -dynamic-linker /lib/ld-linux-x86-64.so.2 -o cmTryCompileExec1340453698 /usr/lib/gcc/x86_64-unknown-linux-gnu/4.7.0/../../../../lib/crt1.o /usr/lib/gcc/x86_64-unknown-linux-gnu/4.7.0/../../../../lib/crti.o /usr/lib/gcc/x86_64-unknown-linux-gnu/4.7.0/crtbegin.o -L/usr/lib/gcc/x86_64-unknown-linux-gnu/4.7.0 -L/usr/lib/gcc/x86_64-unknown-linux-gnu/4.7.0/../../../../lib -L/lib/../lib -L/usr/lib/../lib -L/usr/lib/gcc/x86_64-unknown-linux-gnu/4.7.0/../../.. CMakeFiles/cmTryCompileExec1340453698.dir/CMakeCXXCompilerABI.cpp.o -lstdc++ -lm -lgcc_s -lgcc -lc -lgcc_s -lgcc /usr/lib/gcc/x86_64-unknown-linux-gnu/4.7.0/crtend.o /usr/lib/gcc/x86_64-unknown-linux-gnu/4.7.0/../../../../lib/crtn.o
make[1]: Leaving directory `/home/bumrang/Open.gl/obj/CMakeFiles/CMakeTmp'


Parsed CXX implicit link information from above output:
  link line regex: [^( *|.*[/\])(ld|ld|collect2)[^/\]*( |$)]
  ignore line: [Change Dir: /home/bumrang/Open.gl/obj/CMakeFiles/CMakeTmp]
  ignore line: []
  ignore line: [Run Build Command:/usr/bin/make "cmTryCompileExec1340453698/fast"]
  ignore line: [/usr/bin/make -f CMakeFiles/cmTryCompileExec1340453698.dir/build.make CMakeFiles/cmTryCompileExec1340453698.dir/build]
  ignore line: [make[1]: Entering directory `/home/bumrang/Open.gl/obj/CMakeFiles/CMakeTmp']
  ignore line: [/usr/bin/cmake -E cmake_progress_report /home/bumrang/Open.gl/obj/CMakeFiles/CMakeTmp/CMakeFiles 1]
  ignore line: [Building CXX object CMakeFiles/cmTryCompileExec1340453698.dir/CMakeCXXCompilerABI.cpp.o]
  ignore line: [/usr/bin/c++     -o CMakeFiles/cmTryCompileExec1340453698.dir/CMakeCXXCompilerABI.cpp.o -c /usr/share/cmake-2.8/Modules/CMakeCXXCompilerABI.cpp]
  ignore line: [Linking CXX executable cmTryCompileExec1340453698]
  ignore line: [/usr/bin/cmake -E cmake_link_script CMakeFiles/cmTryCompileExec1340453698.dir/link.txt --verbose=1]
  ignore line: [/usr/bin/c++        -v CMakeFiles/cmTryCompileExec1340453698.dir/CMakeCXXCompilerABI.cpp.o  -o cmTryCompileExec1340453698 -rdynamic  ]
  ignore line: [Using built-in specs.]
  ignore line: [COLLECT_GCC=/usr/bin/c++]
  ignore line: [COLLECT_LTO_WRAPPER=/usr/lib/gcc/x86_64-unknown-linux-gnu/4.7.0/lto-wrapper]
  ignore line: [Target: x86_64-unknown-linux-gnu]
  ignore line: [Configured with: /build/src/gcc-4.7-20120505/configure --prefix=/usr --libdir=/usr/lib --libexecdir=/usr/lib --mandir=/usr/share/man --infodir=/usr/share/info --with-bugurl=https://bugs.archlinux.org/ --enable-languages=c,c++,ada,fortran,go,lto,objc,obj-c++ --enable-shared --enable-threads=posix --with-system-zlib --enable-__cxa_atexit --disable-libunwind-exceptions --enable-clocale=gnu --disable-libstdcxx-pch --enable-libstdcxx-time --enable-gnu-unique-object --enable-linker-build-id --with-ppl --enable-cloog-backend=isl --enable-lto --enable-gold --enable-ld=default --enable-plugin --with-plugin-ld=ld.gold --with-linker-hash-style=gnu --disable-multilib --disable-libssp --disable-build-with-cxx --disable-build-poststage1-with-cxx --enable-checking=release]
  ignore line: [Thread model: posix]
  ignore line: [gcc version 4.7.0 20120505 (prerelease) (GCC) ]
  ignore line: [COMPILER_PATH=/usr/lib/gcc/x86_64-unknown-linux-gnu/4.7.0/:/usr/lib/gcc/x86_64-unknown-linux-gnu/4.7.0/:/usr/lib/gcc/x86_64-unknown-linux-gnu/:/usr/lib/gcc/x86_64-unknown-linux-gnu/4.7.0/:/usr/lib/gcc/x86_64-unknown-linux-gnu/]
  ignore line: [LIBRARY_PATH=/usr/lib/gcc/x86_64-unknown-linux-gnu/4.7.0/:/usr/lib/gcc/x86_64-unknown-linux-gnu/4.7.0/../../../../lib/:/lib/../lib/:/usr/lib/../lib/:/usr/lib/gcc/x86_64-unknown-linux-gnu/4.7.0/../../../:/lib/:/usr/lib/]
  ignore line: [COLLECT_GCC_OPTIONS='-v' '-o' 'cmTryCompileExec1340453698' '-rdynamic' '-shared-libgcc' '-mtune=generic' '-march=x86-64']
  link line: [ /usr/lib/gcc/x86_64-unknown-linux-gnu/4.7.0/collect2 --build-id --eh-frame-hdr --hash-style=gnu -m elf_x86_64 -export-dynamic -dynamic-linker /lib/ld-linux-x86-64.so.2 -o cmTryCompileExec1340453698 /usr/lib/gcc/x86_64-unknown-linux-gnu/4.7.0/../../../../lib/crt1.o /usr/lib/gcc/x86_64-unknown-linux-gnu/4.7.0/../../../../lib/crti.o /usr/lib/gcc/x86_64-unknown-linux-gnu/4.7.0/crtbegin.o -L/usr/lib/gcc/x86_64-unknown-linux-gnu/4.7.0 -L/usr/lib/gcc/x86_64-unknown-linux-gnu/4.7.0/../../../../lib -L/lib/../lib -L/usr/lib/../lib -L/usr/lib/gcc/x86_64-unknown-linux-gnu/4.7.0/../../.. CMakeFiles/cmTryCompileExec1340453698.dir/CMakeCXXCompilerABI.cpp.o -lstdc++ -lm -lgcc_s -lgcc -lc -lgcc_s -lgcc /usr/lib/gcc/x86_64-unknown-linux-gnu/4.7.0/crtend.o /usr/lib/gcc/x86_64-unknown-linux-gnu/4.7.0/../../../../lib/crtn.o]
    arg [/usr/lib/gcc/x86_64-unknown-linux-gnu/4.7.0/collect2] ==> ignore
    arg [--build-id] ==> ignore
    arg [--eh-frame-hdr] ==> ignore
    arg [--hash-style=gnu] ==> ignore
    arg [-m] ==> ignore
    arg [elf_x86_64] ==> ignore
    arg [-export-dynamic] ==> ignore
    arg [-dynamic-linker] ==> ignore
    arg [/lib/ld-linux-x86-64.so.2] ==> ignore
    arg [-o] ==> ignore
    arg [cmTryCompileExec1340453698] ==> ignore
    arg [/usr/lib/gcc/x86_64-unknown-linux-gnu/4.7.0/../../../../lib/crt1.o] ==> ignore
    arg [/usr/lib/gcc/x86_64-unknown-linux-gnu/4.7.0/../../../../lib/crti.o] ==> ignore
    arg [/usr/lib/gcc/x86_64-unknown-linux-gnu/4.7.0/crtbegin.o] ==> ignore
    arg [-L/usr/lib/gcc/x86_64-unknown-linux-gnu/4.7.0] ==> dir [/usr/lib/gcc/x86_64-unknown-linux-gnu/4.7.0]
    arg [-L/usr/lib/gcc/x86_64-unknown-linux-gnu/4.7.0/../../../../lib] ==> dir [/usr/lib/gcc/x86_64-unknown-linux-gnu/4.7.0/../../../../lib]
    arg [-L/lib/../lib] ==> dir [/lib/../lib]
    arg [-L/usr/lib/../lib] ==> dir [/usr/lib/../lib]
    arg [-L/usr/lib/gcc/x86_64-unknown-linux-gnu/4.7.0/../../..] ==> dir [/usr/lib/gcc/x86_64-unknown-linux-gnu/4.7.0/../../..]
    arg [CMakeFiles/cmTryCompileExec1340453698.dir/CMakeCXXCompilerABI.cpp.o] ==> ignore
    arg [-lstdc++] ==> lib [stdc++]
    arg [-lm] ==> lib [m]
    arg [-lgcc_s] ==> lib [gcc_s]
    arg [-lgcc] ==> lib [gcc]
    arg [-lc] ==> lib [c]
    arg [-lgcc_s] ==> lib [gcc_s]
    arg [-lgcc] ==> lib [gcc]
    arg [/usr/lib/gcc/x86_64-unknown-linux-gnu/4.7.0/crtend.o] ==> ignore
    arg [/usr/lib/gcc/x86_64-unknown-linux-gnu/4.7.0/../../../../lib/crtn.o] ==> ignore
  remove lib [gcc_s]
  remove lib [gcc]
  remove lib [gcc_s]
  remove lib [gcc]
  collapse dir [/usr/lib/gcc/x86_64-unknown-linux-gnu/4.7.0] ==> [/usr/lib/gcc/x86_64-unknown-linux-gnu/4.7.0]
  collapse dir [/usr/lib/gcc/x86_64-unknown-linux-gnu/4.7.0/../../../../lib] ==> [/usr/lib]
  collapse dir [/lib/../lib] ==> [/lib]
  collapse dir [/usr/lib/../lib] ==> [/usr/lib]
  collapse dir [/usr/lib/gcc/x86_64-unknown-linux-gnu/4.7.0/../../..] ==> [/usr/lib]
  implicit libs: [stdc++;m;c]
  implicit dirs: [/usr/lib/gcc/x86_64-unknown-linux-gnu/4.7.0;/usr/lib;/lib]


Determining if the function XOpenDisplay exists in the /usr/lib/libX11.so;/usr/lib/libXext.so passed with the following output:
Change Dir: /home/bumrang/Open.gl/obj/CMakeFiles/CMakeTmp

Run Build Command:/usr/bin/make "cmTryCompileExec1422578406/fast"
/usr/bin/make -f CMakeFiles/cmTryCompileExec1422578406.dir/build.make CMakeFiles/cmTryCompileExec1422578406.dir/build
make[1]: Entering directory `/home/bumrang/Open.gl/obj/CMakeFiles/CMakeTmp'
/usr/bin/cmake -E cmake_progress_report /home/bumrang/Open.gl/obj/CMakeFiles/CMakeTmp/CMakeFiles 1
Building C object CMakeFiles/cmTryCompileExec1422578406.dir/CheckFunctionExists.c.o
/usr/bin/gcc   -DCHECK_FUNCTION_EXISTS=XOpenDisplay   -o CMakeFiles/cmTryCompileExec1422578406.dir/CheckFunctionExists.c.o   -c /usr/share/cmake-2.8/Modules/CheckFunctionExists.c
Linking C executable cmTryCompileExec1422578406
/usr/bin/cmake -E cmake_link_script CMakeFiles/cmTryCompileExec1422578406.dir/link.txt --verbose=1
/usr/bin/gcc     -DCHECK_FUNCTION_EXISTS=XOpenDisplay    CMakeFiles/cmTryCompileExec1422578406.dir/CheckFunctionExists.c.o  -o cmTryCompileExec1422578406 -rdynamic -lX11 -lXext 
make[1]: Leaving directory `/home/bumrang/Open.gl/obj/CMakeFiles/CMakeTmp'


Determining if the function gethostbyname exists passed with the following output:
Change Dir: /home/bumrang/Open.gl/obj/CMakeFiles/CMakeTmp

Run Build Command:/usr/bin/make "cmTryCompileExec2135584217/fast"
/usr/bin/make -f CMakeFiles/cmTryCompileExec2135584217.dir/build.make CMakeFiles/cmTryCompileExec2135584217.dir/build
make[1]: Entering directory `/home/bumrang/Open.gl/obj/CMakeFiles/CMakeTmp'
/usr/bin/cmake -E cmake_progress_report /home/bumrang/Open.gl/obj/CMakeFiles/CMakeTmp/CMakeFiles 1
Building C object CMakeFiles/cmTryCompileExec2135584217.dir/CheckFunctionExists.c.o
/usr/bin/gcc   -DCHECK_FUNCTION_EXISTS=gethostbyname   -o CMakeFiles/cmTryCompileExec2135584217.dir/CheckFunctionExists.c.o   -c /usr/share/cmake-2.8/Modules/CheckFunctionExists.c
Linking C executable cmTryCompileExec2135584217
/usr/bin/cmake -E cmake_link_script CMakeFiles/cmTryCompileExec2135584217.dir/link.txt --verbose=1
/usr/bin/gcc     -DCHECK_FUNCTION_EXISTS=gethostbyname    CMakeFiles/cmTryCompileExec2135584217.dir/CheckFunctionExists.c.o  -o cmTryCompileExec2135584217 -rdynamic 
make[1]: Leaving directory `/home/bumrang/Open.gl/obj/CMakeFiles/CMakeTmp'


Determining if the function connect exists passed with the following output:
Change Dir: /home/bumrang/Open.gl/obj/CMakeFiles/CMakeTmp

Run Build Command:/usr/bin/make "cmTryCompileExec3983249710/fast"
/usr/bin/make -f CMakeFiles/cmTryCompileExec3983249710.dir/build.make CMakeFiles/cmTryCompileExec3983249710.dir/build
make[1]: Entering directory `/home/bumrang/Open.gl/obj/CMakeFiles/CMakeTmp'
/usr/bin/cmake -E cmake_progress_report /home/bumrang/Open.gl/obj/CMakeFiles/CMakeTmp/CMakeFiles 1
Building C object CMakeFiles/cmTryCompileExec3983249710.dir/CheckFunctionExists.c.o
/usr/bin/gcc   -DCHECK_FUNCTION_EXISTS=connect   -o CMakeFiles/cmTryCompileExec3983249710.dir/CheckFunctionExists.c.o   -c /usr/share/cmake-2.8/Modules/CheckFunctionExists.c
Linking C executable cmTryCompileExec3983249710
/usr/bin/cmake -E cmake_link_script CMakeFiles/cmTryCompileExec3983249710.dir/link.txt --verbose=1
/usr/bin/gcc     -DCHECK_FUNCTION_EXISTS=connect    CMakeFiles/cmTryCompileExec3983249710.dir/CheckFunctionExists.c.o  -o cmTryCompileExec3983249710 -rdynamic 
make[1]: Leaving directory `/home/bumrang/Open.gl/obj/CMakeFiles/CMakeTmp'


Determining if the function remove exists passed with the following output:
Change Dir: /home/bumrang/Open.gl/obj/CMakeFiles/CMakeTmp

Run Build Command:/usr/bin/make "cmTryCompileExec558072531/fast"
/usr/bin/make -f CMakeFiles/cmTryCompileExec558072531.dir/build.make CMakeFiles/cmTryCompileExec558072531.dir/build
make[1]: Entering directory `/home/bumrang/Open.gl/obj/CMakeFiles/CMakeTmp'
/usr/bin/cmake -E cmake_progress_report /home/bumrang/Open.gl/obj/CMakeFiles/CMakeTmp/CMakeFiles 1
Building C object CMakeFiles/cmTryCompileExec558072531.dir/CheckFunctionExists.c.o
/usr/bin/gcc   -DCHECK_FUNCTION_EXISTS=remove   -o CMakeFiles/cmTryCompileExec558072531.dir/CheckFunctionExists.c.o   -c /usr/share/cmake-2.8/Modules/CheckFunctionExists.c
Linking C executable cmTryCompileExec558072531
/usr/bin/cmake -E cmake_link_script CMakeFiles/cmTryCompileExec558072531.dir/link.txt --verbose=1
/usr/bin/gcc     -DCHECK_FUNCTION_EXISTS=remove    CMakeFiles/cmTryCompileExec558072531.dir/CheckFunctionExists.c.o  -o cmTryCompileExec558072531 -rdynamic 
make[1]: Leaving directory `/home/bumrang/Open.gl/obj/CMakeFiles/CMakeTmp'


Determining if the function shmat exists passed with the following output:
Change Dir: /home/bumrang/Open.gl/obj/CMakeFiles/CMakeTmp

Run Build Command:/usr/bin/make "cmTryCompileExec3066681826/fast"
/usr/bin/make -f CMakeFiles/cmTryCompileExec3066681826.dir/build.make CMakeFiles/cmTryCompileExec3066681826.dir/build
make[1]: Entering directory `/home/bumrang/Open.gl/obj/CMakeFiles/CMakeTmp'
/usr/bin/cmake -E cmake_progress_report /home/bumrang/Open.gl/obj/CMakeFiles/CMakeTmp/CMakeFiles 1
Building C object CMakeFiles/cmTryCompileExec3066681826.dir/CheckFunctionExists.c.o
/usr/bin/gcc   -DCHECK_FUNCTION_EXISTS=shmat   -o CMakeFiles/cmTryCompileExec3066681826.dir/CheckFunctionExists.c.o   -c /usr/share/cmake-2.8/Modules/CheckFunctionExists.c
Linking C executable cmTryCompileExec3066681826
/usr/bin/cmake -E cmake_link_script CMakeFiles/cmTryCompileExec3066681826.dir/link.txt --verbose=1
/usr/bin/gcc     -DCHECK_FUNCTION_EXISTS=shmat    CMakeFiles/cmTryCompileExec3066681826.dir/CheckFunctionExists.c.o  -o cmTryCompileExec3066681826 -rdynamic 
make[1]: Leaving directory `/home/bumrang/Open.gl/obj/CMakeFiles/CMakeTmp'


Determining if the function IceConnectionNumber exists in the ICE passed with the following output:
Change Dir: /home/bumrang/Open.gl/obj/CMakeFiles/CMakeTmp

Run Build Command:/usr/bin/make "cmTryCompileExec4135179552/fast"
/usr/bin/make -f CMakeFiles/cmTryCompileExec4135179552.dir/build.make CMakeFiles/cmTryCompileExec4135179552.dir/build
make[1]: Entering directory `/home/bumrang/Open.gl/obj/CMakeFiles/CMakeTmp'
/usr/bin/cmake -E cmake_progress_report /home/bumrang/Open.gl/obj/CMakeFiles/CMakeTmp/CMakeFiles 1
Building C object CMakeFiles/cmTryCompileExec4135179552.dir/CheckFunctionExists.c.o
/usr/bin/gcc   -DCHECK_FUNCTION_EXISTS=IceConnectionNumber   -o CMakeFiles/cmTryCompileExec4135179552.dir/CheckFunctionExists.c.o   -c /usr/share/cmake-2.8/Modules/CheckFunctionExists.c
Linking C executable cmTryCompileExec4135179552
/usr/bin/cmake -E cmake_link_script CMakeFiles/cmTryCompileExec4135179552.dir/link.txt --verbose=1
/usr/bin/gcc     -DCHECK_FUNCTION_EXISTS=IceConnectionNumber    CMakeFiles/cmTryCompileExec4135179552.dir/CheckFunctionExists.c.o  -o cmTryCompileExec4135179552 -rdynamic -lICE 
make[1]: Leaving directory `/home/bumrang/Open.gl/obj/CMakeFiles/CMakeTmp'


The system is: Linux - 3.3.6-1-ARCH - x86_64
Compiling the C compiler identification source file "CMakeCCompilerId.c" succeeded.
Compiler: /usr/bin/gcc 
Build flags: 
Id flags: 

The output was:
0


Compilation of the C compiler identification source "CMakeCCompilerId.c" produced "a.out"

The C compiler identification is GNU, found in "/home/bumrang/Engine/obj/CMakeFiles/CompilerIdC/a.out"

Compiling the CXX compiler identification source file "CMakeCXXCompilerId.cpp" succeeded.
Compiler: /usr/bin/c++ 
Build flags: 
Id flags: 

The output was:
0


Compilation of the CXX compiler identification source "CMakeCXXCompilerId.cpp" produced "a.out"

The CXX compiler identification is GNU, found in "/home/bumrang/Engine/obj/CMakeFiles/CompilerIdCXX/a.out"

Determining if the C compiler works passed with the following output:
Change Dir: /home/bumrang/Engine/obj/CMakeFiles/CMakeTmp

Run Build Command:/usr/bin/make "cmTryCompileExec3585339041/fast"
/usr/bin/make -f CMakeFiles/cmTryCompileExec3585339041.dir/build.make CMakeFiles/cmTryCompileExec3585339041.dir/build
make[1]: Entering directory `/home/bumrang/Engine/obj/CMakeFiles/CMakeTmp'
/usr/bin/cmake -E cmake_progress_report /home/bumrang/Engine/obj/CMakeFiles/CMakeTmp/CMakeFiles 1
Building C object CMakeFiles/cmTryCompileExec3585339041.dir/testCCompiler.c.o
/usr/bin/gcc    -o CMakeFiles/cmTryCompileExec3585339041.dir/testCCompiler.c.o   -c /home/bumrang/Engine/obj/CMakeFiles/CMakeTmp/testCCompiler.c
Linking C executable cmTryCompileExec3585339041
/usr/bin/cmake -E cmake_link_script CMakeFiles/cmTryCompileExec3585339041.dir/link.txt --verbose=1
/usr/bin/gcc         CMakeFiles/cmTryCompileExec3585339041.dir/testCCompiler.c.o  -o cmTryCompileExec3585339041 -rdynamic 
make[1]: Leaving directory `/home/bumrang/Engine/obj/CMakeFiles/CMakeTmp'


Detecting C compiler ABI info compiled with the following output:
Change Dir: /home/bumrang/Engine/obj/CMakeFiles/CMakeTmp

Run Build Command:/usr/bin/make "cmTryCompileExec3272850250/fast"
/usr/bin/make -f CMakeFiles/cmTryCompileExec3272850250.dir/build.make CMakeFiles/cmTryCompileExec3272850250.dir/build
make[1]: Entering directory `/home/bumrang/Engine/obj/CMakeFiles/CMakeTmp'
/usr/bin/cmake -E cmake_progress_report /home/bumrang/Engine/obj/CMakeFiles/CMakeTmp/CMakeFiles 1
Building C object CMakeFiles/cmTryCompileExec3272850250.dir/CMakeCCompilerABI.c.o
/usr/bin/gcc    -o CMakeFiles/cmTryCompileExec3272850250.dir/CMakeCCompilerABI.c.o   -c /usr/share/cmake-2.8/Modules/CMakeCCompilerABI.c
Linking C executable cmTryCompileExec3272850250
/usr/bin/cmake -E cmake_link_script CMakeFiles/cmTryCompileExec3272850250.dir/link.txt --verbose=1
/usr/bin/gcc       -v CMakeFiles/cmTryCompileExec3272850250.dir/CMakeCCompilerABI.c.o  -o cmTryCompileExec3272850250 -rdynamic  
Using built-in specs.
COLLECT_GCC=/usr/bin/gcc
COLLECT_LTO_WRAPPER=/usr/lib/gcc/x86_64-unknown-linux-gnu/4.7.0/lto-wrapper
Target: x86_64-unknown-linux-gnu
Configured with: /build/src/gcc-4.7-20120505/configure --prefix=/usr --libdir=/usr/lib --libexecdir=/usr/lib --mandir=/usr/share/man --infodir=/usr/share/info --with-bugurl=https://bugs.archlinux.org/ --enable-languages=c,c++,ada,fortran,go,lto,objc,obj-c++ --enable-shared --enable-threads=posix --with-system-zlib --enable-__cxa_atexit --disable-libunwind-exceptions --enable-clocale=gnu --disable-libstdcxx-pch --enable-libstdcxx-time --enable-gnu-unique-object --enable-linker-build-id --with-ppl --enable-cloog-backend=isl --enable-lto --enable-gold --enable-ld=default --enable-plugin --with-plugin-ld=ld.gold --with-linker-hash-style=gnu --disable-multilib --disable-libssp --disable-build-with-cxx --disable-build-poststage1-with-cxx --enable-checking=release
Thread model: posix
gcc version 4.7.0 20120505 (prerelease) (GCC) 
COMPILER_PATH=/usr/lib/gcc/x86_64-unknown-linux-gnu/4.7.0/:/usr/lib/gcc/x86_64-unknown-linux-gnu/4.7.0/:/usr/lib/gcc/x86_64-unknown-linux-gnu/:/usr/lib/gcc/x86_64-unknown-linux-gnu/4.7.0/:/usr/lib/gcc/x86_64-unknown-linux-gnu/
LIBRARY_PATH=/usr/lib/gcc/x86_64-unknown-linux-gnu/4.7.0/:/usr/lib/gcc/x86_64-unknown-linux-gnu/4.7.0/../../../../lib/:/lib/../lib/:/usr/lib/../lib/:/usr/lib/gcc/x86_64-unknown-linux-gnu/4.7.0/../../../:/lib/:/usr/lib/
COLLECT_GCC_OPTIONS='-v' '-o' 'cmTryCompileExec3272850250' '-rdynamic' '-mtune=generic' '-march=x86-64'
 /usr/lib/gcc/x86_64-unknown-linux-gnu/4.7.0/collect2 --build-id --eh-frame-hdr --hash-style=gnu -m elf_x86_64 -export-dynamic -dynamic-linker /lib/ld-linux-x86-64.so.2 -o cmTryCompileExec3272850250 /usr/lib/gcc/x86_64-unknown-linux-gnu/4.7.0/../../../../lib/crt1.o /usr/lib/gcc/x86_64-unknown-linux-gnu/4.7.0/../../../../lib/crti.o /usr/lib/gcc/x86_64-unknown-linux-gnu/4.7.0/crtbegin.o -L/usr/lib/gcc/x86_64-unknown-linux-gnu/4.7.0 -L/usr/lib/gcc/x86_64-unknown-linux-gnu/4.7.0/../../../../lib -L/lib/../lib -L/usr/lib/../lib -L/usr/lib/gcc/x86_64-unknown-linux-gnu/4.7.0/../../.. CMakeFiles/cmTryCompileExec3272850250.dir/CMakeCCompilerABI.c.o -lgcc --as-needed -lgcc_s --no-as-needed -lc -lgcc --as-needed -lgcc_s --no-as-needed /usr/lib/gcc/x86_64-unknown-linux-gnu/4.7.0/crtend.o /usr/lib/gcc/x86_64-unknown-linux-gnu/4.7.0/../../../../lib/crtn.o
make[1]: Leaving directory `/home/bumrang/Engine/obj/CMakeFiles/CMakeTmp'


Parsed C implicit link information from above output:
  link line regex: [^( *|.*[/\])(ld|ld|collect2)[^/\]*( |$)]
  ignore line: [Change Dir: /home/bumrang/Engine/obj/CMakeFiles/CMakeTmp]
  ignore line: []
  ignore line: [Run Build Command:/usr/bin/make "cmTryCompileExec3272850250/fast"]
  ignore line: [/usr/bin/make -f CMakeFiles/cmTryCompileExec3272850250.dir/build.make CMakeFiles/cmTryCompileExec3272850250.dir/build]
  ignore line: [make[1]: Entering directory `/home/bumrang/Engine/obj/CMakeFiles/CMakeTmp']
  ignore line: [/usr/bin/cmake -E cmake_progress_report /home/bumrang/Engine/obj/CMakeFiles/CMakeTmp/CMakeFiles 1]
  ignore line: [Building C object CMakeFiles/cmTryCompileExec3272850250.dir/CMakeCCompilerABI.c.o]
  ignore line: [/usr/bin/gcc    -o CMakeFiles/cmTryCompileExec3272850250.dir/CMakeCCompilerABI.c.o   -c /usr/share/cmake-2.8/Modules/CMakeCCompilerABI.c]
  ignore line: [Linking C executable cmTryCompileExec3272850250]
  ignore line: [/usr/bin/cmake -E cmake_link_script CMakeFiles/cmTryCompileExec3272850250.dir/link.txt --verbose=1]
  ignore line: [/usr/bin/gcc       -v CMakeFiles/cmTryCompileExec3272850250.dir/CMakeCCompilerABI.c.o  -o cmTryCompileExec3272850250 -rdynamic  ]
  ignore line: [Using built-in specs.]
  ignore line: [COLLECT_GCC=/usr/bin/gcc]
  ignore line: [COLLECT_LTO_WRAPPER=/usr/lib/gcc/x86_64-unknown-linux-gnu/4.7.0/lto-wrapper]
  ignore line: [Target: x86_64-unknown-linux-gnu]
  ignore line: [Configured with: /build/src/gcc-4.7-20120505/configure --prefix=/usr --libdir=/usr/lib --libexecdir=/usr/lib --mandir=/usr/share/man --infodir=/usr/share/info --with-bugurl=https://bugs.archlinux.org/ --enable-languages=c,c++,ada,fortran,go,lto,objc,obj-c++ --enable-shared --enable-threads=posix --with-system-zlib --enable-__cxa_atexit --disable-libunwind-exceptions --enable-clocale=gnu --disable-libstdcxx-pch --enable-libstdcxx-time --enable-gnu-unique-object --enable-linker-build-id --with-ppl --enable-cloog-backend=isl --enable-lto --enable-gold --enable-ld=default --enable-plugin --with-plugin-ld=ld.gold --with-linker-hash-style=gnu --disable-multilib --disable-libssp --disable-build-with-cxx --disable-build-poststage1-with-cxx --enable-checking=release]
  ignore line: [Thread model: posix]
  ignore line: [gcc version 4.7.0 20120505 (prerelease) (GCC) ]
  ignore line: [COMPILER_PATH=/usr/lib/gcc/x86_64-unknown-linux-gnu/4.7.0/:/usr/lib/gcc/x86_64-unknown-linux-gnu/4.7.0/:/usr/lib/gcc/x86_64-unknown-linux-gnu/:/usr/lib/gcc/x86_64-unknown-linux-gnu/4.7.0/:/usr/lib/gcc/x86_64-unknown-linux-gnu/]
  ignore line: [LIBRARY_PATH=/usr/lib/gcc/x86_64-unknown-linux-gnu/4.7.0/:/usr/lib/gcc/x86_64-unknown-linux-gnu/4.7.0/../../../../lib/:/lib/../lib/:/usr/lib/../lib/:/usr/lib/gcc/x86_64-unknown-linux-gnu/4.7.0/../../../:/lib/:/usr/lib/]
  ignore line: [COLLECT_GCC_OPTIONS='-v' '-o' 'cmTryCompileExec3272850250' '-rdynamic' '-mtune=generic' '-march=x86-64']
  link line: [ /usr/lib/gcc/x86_64-unknown-linux-gnu/4.7.0/collect2 --build-id --eh-frame-hdr --hash-style=gnu -m elf_x86_64 -export-dynamic -dynamic-linker /lib/ld-linux-x86-64.so.2 -o cmTryCompileExec3272850250 /usr/lib/gcc/x86_64-unknown-linux-gnu/4.7.0/../../../../lib/crt1.o /usr/lib/gcc/x86_64-unknown-linux-gnu/4.7.0/../../../../lib/crti.o /usr/lib/gcc/x86_64-unknown-linux-gnu/4.7.0/crtbegin.o -L/usr/lib/gcc/x86_64-unknown-linux-gnu/4.7.0 -L/usr/lib/gcc/x86_64-unknown-linux-gnu/4.7.0/../../../../lib -L/lib/../lib -L/usr/lib/../lib -L/usr/lib/gcc/x86_64-unknown-linux-gnu/4.7.0/../../.. CMakeFiles/cmTryCompileExec3272850250.dir/CMakeCCompilerABI.c.o -lgcc --as-needed -lgcc_s --no-as-needed -lc -lgcc --as-needed -lgcc_s --no-as-needed /usr/lib/gcc/x86_64-unknown-linux-gnu/4.7.0/crtend.o /usr/lib/gcc/x86_64-unknown-linux-gnu/4.7.0/../../../../lib/crtn.o]
    arg [/usr/lib/gcc/x86_64-unknown-linux-gnu/4.7.0/collect2] ==> ignore
    arg [--build-id] ==> ignore
    arg [--eh-frame-hdr] ==> ignore
    arg [--hash-style=gnu] ==> ignore
    arg [-m] ==> ignore
    arg [elf_x86_64] ==> ignore
    arg [-export-dynamic] ==> ignore
    arg [-dynamic-linker] ==> ignore
    arg [/lib/ld-linux-x86-64.so.2] ==> ignore
    arg [-o] ==> ignore
    arg [cmTryCompileExec3272850250] ==> ignore
    arg [/usr/lib/gcc/x86_64-unknown-linux-gnu/4.7.0/../../../../lib/crt1.o] ==> ignore
    arg [/usr/lib/gcc/x86_64-unknown-linux-gnu/4.7.0/../../../../lib/crti.o] ==> ignore
    arg [/usr/lib/gcc/x86_64-unknown-linux-gnu/4.7.0/crtbegin.o] ==> ignore
    arg [-L/usr/lib/gcc/x86_64-unknown-linux-gnu/4.7.0] ==> dir [/usr/lib/gcc/x86_64-unknown-linux-gnu/4.7.0]
    arg [-L/usr/lib/gcc/x86_64-unknown-linux-gnu/4.7.0/../../../../lib] ==> dir [/usr/lib/gcc/x86_64-unknown-linux-gnu/4.7.0/../../../../lib]
    arg [-L/lib/../lib] ==> dir [/lib/../lib]
    arg [-L/usr/lib/../lib] ==> dir [/usr/lib/../lib]
    arg [-L/usr/lib/gcc/x86_64-unknown-linux-gnu/4.7.0/../../..] ==> dir [/usr/lib/gcc/x86_64-unknown-linux-gnu/4.7.0/../../..]
    arg [CMakeFiles/cmTryCompileExec3272850250.dir/CMakeCCompilerABI.c.o] ==> ignore
    arg [-lgcc] ==> lib [gcc]
    arg [--as-needed] ==> ignore
    arg [-lgcc_s] ==> lib [gcc_s]
    arg [--no-as-needed] ==> ignore
    arg [-lc] ==> lib [c]
    arg [-lgcc] ==> lib [gcc]
    arg [--as-needed] ==> ignore
    arg [-lgcc_s] ==> lib [gcc_s]
    arg [--no-as-needed] ==> ignore
    arg [/usr/lib/gcc/x86_64-unknown-linux-gnu/4.7.0/crtend.o] ==> ignore
    arg [/usr/lib/gcc/x86_64-unknown-linux-gnu/4.7.0/../../../../lib/crtn.o] ==> ignore
  remove lib [gcc]
  remove lib [gcc_s]
  remove lib [gcc]
  remove lib [gcc_s]
  collapse dir [/usr/lib/gcc/x86_64-unknown-linux-gnu/4.7.0] ==> [/usr/lib/gcc/x86_64-unknown-linux-gnu/4.7.0]
  collapse dir [/usr/lib/gcc/x86_64-unknown-linux-gnu/4.7.0/../../../../lib] ==> [/usr/lib]
  collapse dir [/lib/../lib] ==> [/lib]
  collapse dir [/usr/lib/../lib] ==> [/usr/lib]
  collapse dir [/usr/lib/gcc/x86_64-unknown-linux-gnu/4.7.0/../../..] ==> [/usr/lib]
  implicit libs: [c]
  implicit dirs: [/usr/lib/gcc/x86_64-unknown-linux-gnu/4.7.0;/usr/lib;/lib]


Determining if the CXX compiler works passed with the following output:
Change Dir: /home/bumrang/Engine/obj/CMakeFiles/CMakeTmp

Run Build Command:/usr/bin/make "cmTryCompileExec2464489204/fast"
/usr/bin/make -f CMakeFiles/cmTryCompileExec2464489204.dir/build.make CMakeFiles/cmTryCompileExec2464489204.dir/build
make[1]: Entering directory `/home/bumrang/Engine/obj/CMakeFiles/CMakeTmp'
/usr/bin/cmake -E cmake_progress_report /home/bumrang/Engine/obj/CMakeFiles/CMakeTmp/CMakeFiles 1
Building CXX object CMakeFiles/cmTryCompileExec2464489204.dir/testCXXCompiler.cxx.o
/usr/bin/c++     -o CMakeFiles/cmTryCompileExec2464489204.dir/testCXXCompiler.cxx.o -c /home/bumrang/Engine/obj/CMakeFiles/CMakeTmp/testCXXCompiler.cxx
Linking CXX executable cmTryCompileExec2464489204
/usr/bin/cmake -E cmake_link_script CMakeFiles/cmTryCompileExec2464489204.dir/link.txt --verbose=1
/usr/bin/c++          CMakeFiles/cmTryCompileExec2464489204.dir/testCXXCompiler.cxx.o  -o cmTryCompileExec2464489204 -rdynamic 
make[1]: Leaving directory `/home/bumrang/Engine/obj/CMakeFiles/CMakeTmp'


Detecting CXX compiler ABI info compiled with the following output:
Change Dir: /home/bumrang/Engine/obj/CMakeFiles/CMakeTmp

Run Build Command:/usr/bin/make "cmTryCompileExec2903696980/fast"
/usr/bin/make -f CMakeFiles/cmTryCompileExec2903696980.dir/build.make CMakeFiles/cmTryCompileExec2903696980.dir/build
make[1]: Entering directory `/home/bumrang/Engine/obj/CMakeFiles/CMakeTmp'
/usr/bin/cmake -E cmake_progress_report /home/bumrang/Engine/obj/CMakeFiles/CMakeTmp/CMakeFiles 1
Building CXX object CMakeFiles/cmTryCompileExec2903696980.dir/CMakeCXXCompilerABI.cpp.o
/usr/bin/c++     -o CMakeFiles/cmTryCompileExec2903696980.dir/CMakeCXXCompilerABI.cpp.o -c /usr/share/cmake-2.8/Modules/CMakeCXXCompilerABI.cpp
Linking CXX executable cmTryCompileExec2903696980
/usr/bin/cmake -E cmake_link_script CMakeFiles/cmTryCompileExec2903696980.dir/link.txt --verbose=1
/usr/bin/c++        -v CMakeFiles/cmTryCompileExec2903696980.dir/CMakeCXXCompilerABI.cpp.o  -o cmTryCompileExec2903696980 -rdynamic  
Using built-in specs.
COLLECT_GCC=/usr/bin/c++
COLLECT_LTO_WRAPPER=/usr/lib/gcc/x86_64-unknown-linux-gnu/4.7.0/lto-wrapper
Target: x86_64-unknown-linux-gnu
Configured with: /build/src/gcc-4.7-20120505/configure --prefix=/usr --libdir=/usr/lib --libexecdir=/usr/lib --mandir=/usr/share/man --infodir=/usr/share/info --with-bugurl=https://bugs.archlinux.org/ --enable-languages=c,c++,ada,fortran,go,lto,objc,obj-c++ --enable-shared --enable-threads=posix --with-system-zlib --enable-__cxa_atexit --disable-libunwind-exceptions --enable-clocale=gnu --disable-libstdcxx-pch --enable-libstdcxx-time --enable-gnu-unique-object --enable-linker-build-id --with-ppl --enable-cloog-backend=isl --enable-lto --enable-gold --enable-ld=default --enable-plugin --with-plugin-ld=ld.gold --with-linker-hash-style=gnu --disable-multilib --disable-libssp --disable-build-with-cxx --disable-build-poststage1-with-cxx --enable-checking=release
Thread model: posix
gcc version 4.7.0 20120505 (prerelease) (GCC) 
COMPILER_PATH=/usr/lib/gcc/x86_64-unknown-linux-gnu/4.7.0/:/usr/lib/gcc/x86_64-unknown-linux-gnu/4.7.0/:/usr/lib/gcc/x86_64-unknown-linux-gnu/:/usr/lib/gcc/x86_64-unknown-linux-gnu/4.7.0/:/usr/lib/gcc/x86_64-unknown-linux-gnu/
LIBRARY_PATH=/usr/lib/gcc/x86_64-unknown-linux-gnu/4.7.0/:/usr/lib/gcc/x86_64-unknown-linux-gnu/4.7.0/../../../../lib/:/lib/../lib/:/usr/lib/../lib/:/usr/lib/gcc/x86_64-unknown-linux-gnu/4.7.0/../../../:/lib/:/usr/lib/
COLLECT_GCC_OPTIONS='-v' '-o' 'cmTryCompileExec2903696980' '-rdynamic' '-shared-libgcc' '-mtune=generic' '-march=x86-64'
 /usr/lib/gcc/x86_64-unknown-linux-gnu/4.7.0/collect2 --build-id --eh-frame-hdr --hash-style=gnu -m elf_x86_64 -export-dynamic -dynamic-linker /lib/ld-linux-x86-64.so.2 -o cmTryCompileExec2903696980 /usr/lib/gcc/x86_64-unknown-linux-gnu/4.7.0/../../../../lib/crt1.o /usr/lib/gcc/x86_64-unknown-linux-gnu/4.7.0/../../../../lib/crti.o /usr/lib/gcc/x86_64-unknown-linux-gnu/4.7.0/crtbegin.o -L/usr/lib/gcc/x86_64-unknown-linux-gnu/4.7.0 -L/usr/lib/gcc/x86_64-unknown-linux-gnu/4.7.0/../../../../lib -L/lib/../lib -L/usr/lib/../lib -L/usr/lib/gcc/x86_64-unknown-linux-gnu/4.7.0/../../.. CMakeFiles/cmTryCompileExec2903696980.dir/CMakeCXXCompilerABI.cpp.o -lstdc++ -lm -lgcc_s -lgcc -lc -lgcc_s -lgcc /usr/lib/gcc/x86_64-unknown-linux-gnu/4.7.0/crtend.o /usr/lib/gcc/x86_64-unknown-linux-gnu/4.7.0/../../../../lib/crtn.o
make[1]: Leaving directory `/home/bumrang/Engine/obj/CMakeFiles/CMakeTmp'


Parsed CXX implicit link information from above output:
  link line regex: [^( *|.*[/\])(ld|ld|collect2)[^/\]*( |$)]
  ignore line: [Change Dir: /home/bumrang/Engine/obj/CMakeFiles/CMakeTmp]
  ignore line: []
  ignore line: [Run Build Command:/usr/bin/make "cmTryCompileExec2903696980/fast"]
  ignore line: [/usr/bin/make -f CMakeFiles/cmTryCompileExec2903696980.dir/build.make CMakeFiles/cmTryCompileExec2903696980.dir/build]
  ignore line: [make[1]: Entering directory `/home/bumrang/Engine/obj/CMakeFiles/CMakeTmp']
  ignore line: [/usr/bin/cmake -E cmake_progress_report /home/bumrang/Engine/obj/CMakeFiles/CMakeTmp/CMakeFiles 1]
  ignore line: [Building CXX object CMakeFiles/cmTryCompileExec2903696980.dir/CMakeCXXCompilerABI.cpp.o]
  ignore line: [/usr/bin/c++     -o CMakeFiles/cmTryCompileExec2903696980.dir/CMakeCXXCompilerABI.cpp.o -c /usr/share/cmake-2.8/Modules/CMakeCXXCompilerABI.cpp]
  ignore line: [Linking CXX executable cmTryCompileExec2903696980]
  ignore line: [/usr/bin/cmake -E cmake_link_script CMakeFiles/cmTryCompileExec2903696980.dir/link.txt --verbose=1]
  ignore line: [/usr/bin/c++        -v CMakeFiles/cmTryCompileExec2903696980.dir/CMakeCXXCompilerABI.cpp.o  -o cmTryCompileExec2903696980 -rdynamic  ]
  ignore line: [Using built-in specs.]
  ignore line: [COLLECT_GCC=/usr/bin/c++]
  ignore line: [COLLECT_LTO_WRAPPER=/usr/lib/gcc/x86_64-unknown-linux-gnu/4.7.0/lto-wrapper]
  ignore line: [Target: x86_64-unknown-linux-gnu]
  ignore line: [Configured with: /build/src/gcc-4.7-20120505/configure --prefix=/usr --libdir=/usr/lib --libexecdir=/usr/lib --mandir=/usr/share/man --infodir=/usr/share/info --with-bugurl=https://bugs.archlinux.org/ --enable-languages=c,c++,ada,fortran,go,lto,objc,obj-c++ --enable-shared --enable-threads=posix --with-system-zlib --enable-__cxa_atexit --disable-libunwind-exceptions --enable-clocale=gnu --disable-libstdcxx-pch --enable-libstdcxx-time --enable-gnu-unique-object --enable-linker-build-id --with-ppl --enable-cloog-backend=isl --enable-lto --enable-gold --enable-ld=default --enable-plugin --with-plugin-ld=ld.gold --with-linker-hash-style=gnu --disable-multilib --disable-libssp --disable-build-with-cxx --disable-build-poststage1-with-cxx --enable-checking=release]
  ignore line: [Thread model: posix]
  ignore line: [gcc version 4.7.0 20120505 (prerelease) (GCC) ]
  ignore line: [COMPILER_PATH=/usr/lib/gcc/x86_64-unknown-linux-gnu/4.7.0/:/usr/lib/gcc/x86_64-unknown-linux-gnu/4.7.0/:/usr/lib/gcc/x86_64-unknown-linux-gnu/:/usr/lib/gcc/x86_64-unknown-linux-gnu/4.7.0/:/usr/lib/gcc/x86_64-unknown-linux-gnu/]
  ignore line: [LIBRARY_PATH=/usr/lib/gcc/x86_64-unknown-linux-gnu/4.7.0/:/usr/lib/gcc/x86_64-unknown-linux-gnu/4.7.0/../../../../lib/:/lib/../lib/:/usr/lib/../lib/:/usr/lib/gcc/x86_64-unknown-linux-gnu/4.7.0/../../../:/lib/:/usr/lib/]
  ignore line: [COLLECT_GCC_OPTIONS='-v' '-o' 'cmTryCompileExec2903696980' '-rdynamic' '-shared-libgcc' '-mtune=generic' '-march=x86-64']
  link line: [ /usr/lib/gcc/x86_64-unknown-linux-gnu/4.7.0/collect2 --build-id --eh-frame-hdr --hash-style=gnu -m elf_x86_64 -export-dynamic -dynamic-linker /lib/ld-linux-x86-64.so.2 -o cmTryCompileExec2903696980 /usr/lib/gcc/x86_64-unknown-linux-gnu/4.7.0/../../../../lib/crt1.o /usr/lib/gcc/x86_64-unknown-linux-gnu/4.7.0/../../../../lib/crti.o /usr/lib/gcc/x86_64-unknown-linux-gnu/4.7.0/crtbegin.o -L/usr/lib/gcc/x86_64-unknown-linux-gnu/4.7.0 -L/usr/lib/gcc/x86_64-unknown-linux-gnu/4.7.0/../../../../lib -L/lib/../lib -L/usr/lib/../lib -L/usr/lib/gcc/x86_64-unknown-linux-gnu/4.7.0/../../.. CMakeFiles/cmTryCompileExec2903696980.dir/CMakeCXXCompilerABI.cpp.o -lstdc++ -lm -lgcc_s -lgcc -lc -lgcc_s -lgcc /usr/lib/gcc/x86_64-unknown-linux-gnu/4.7.0/crtend.o /usr/lib/gcc/x86_64-unknown-linux-gnu/4.7.0/../../../../lib/crtn.o]
    arg [/usr/lib/gcc/x86_64-unknown-linux-gnu/4.7.0/collect2] ==> ignore
    arg [--build-id] ==> ignore
    arg [--eh-frame-hdr] ==> ignore
    arg [--hash-style=gnu] ==> ignore
    arg [-m] ==> ignore
    arg [elf_x86_64] ==> ignore
    arg [-export-dynamic] ==> ignore
    arg [-dynamic-linker] ==> ignore
    arg [/lib/ld-linux-x86-64.so.2] ==> ignore
    arg [-o] ==> ignore
    arg [cmTryCompileExec2903696980] ==> ignore
    arg [/usr/lib/gcc/x86_64-unknown-linux-gnu/4.7.0/../../../../lib/crt1.o] ==> ignore
    arg [/usr/lib/gcc/x86_64-unknown-linux-gnu/4.7.0/../../../../lib/crti.o] ==> ignore
    arg [/usr/lib/gcc/x86_64-unknown-linux-gnu/4.7.0/crtbegin.o] ==> ignore
    arg [-L/usr/lib/gcc/x86_64-unknown-linux-gnu/4.7.0] ==> dir [/usr/lib/gcc/x86_64-unknown-linux-gnu/4.7.0]
    arg [-L/usr/lib/gcc/x86_64-unknown-linux-gnu/4.7.0/../../../../lib] ==> dir [/usr/lib/gcc/x86_64-unknown-linux-gnu/4.7.0/../../../../lib]
    arg [-L/lib/../lib] ==> dir [/lib/../lib]
    arg [-L/usr/lib/../lib] ==> dir [/usr/lib/../lib]
    arg [-L/usr/lib/gcc/x86_64-unknown-linux-gnu/4.7.0/../../..] ==> dir [/usr/lib/gcc/x86_64-unknown-linux-gnu/4.7.0/../../..]
    arg [CMakeFiles/cmTryCompileExec2903696980.dir/CMakeCXXCompilerABI.cpp.o] ==> ignore
    arg [-lstdc++] ==> lib [stdc++]
    arg [-lm] ==> lib [m]
    arg [-lgcc_s] ==> lib [gcc_s]
    arg [-lgcc] ==> lib [gcc]
    arg [-lc] ==> lib [c]
    arg [-lgcc_s] ==> lib [gcc_s]
    arg [-lgcc] ==> lib [gcc]
    arg [/usr/lib/gcc/x86_64-unknown-linux-gnu/4.7.0/crtend.o] ==> ignore
    arg [/usr/lib/gcc/x86_64-unknown-linux-gnu/4.7.0/../../../../lib/crtn.o] ==> ignore
  remove lib [gcc_s]
  remove lib [gcc]
  remove lib [gcc_s]
  remove lib [gcc]
  collapse dir [/usr/lib/gcc/x86_64-unknown-linux-gnu/4.7.0] ==> [/usr/lib/gcc/x86_64-unknown-linux-gnu/4.7.0]
  collapse dir [/usr/lib/gcc/x86_64-unknown-linux-gnu/4.7.0/../../../../lib] ==> [/usr/lib]
  collapse dir [/lib/../lib] ==> [/lib]
  collapse dir [/usr/lib/../lib] ==> [/usr/lib]
  collapse dir [/usr/lib/gcc/x86_64-unknown-linux-gnu/4.7.0/../../..] ==> [/usr/lib]
  implicit libs: [stdc++;m;c]
  implicit dirs: [/usr/lib/gcc/x86_64-unknown-linux-gnu/4.7.0;/usr/lib;/lib]


Determining if the function XOpenDisplay exists in the /usr/lib/libX11.so;/usr/lib/libXext.so passed with the following output:
Change Dir: /home/bumrang/Engine/obj/CMakeFiles/CMakeTmp

Run Build Command:/usr/bin/make "cmTryCompileExec1481444561/fast"
/usr/bin/make -f CMakeFiles/cmTryCompileExec1481444561.dir/build.make CMakeFiles/cmTryCompileExec1481444561.dir/build
make[1]: Entering directory `/home/bumrang/Engine/obj/CMakeFiles/CMakeTmp'
/usr/bin/cmake -E cmake_progress_report /home/bumrang/Engine/obj/CMakeFiles/CMakeTmp/CMakeFiles 1
Building C object CMakeFiles/cmTryCompileExec1481444561.dir/CheckFunctionExists.c.o
/usr/bin/gcc   -DCHECK_FUNCTION_EXISTS=XOpenDisplay   -o CMakeFiles/cmTryCompileExec1481444561.dir/CheckFunctionExists.c.o   -c /usr/share/cmake-2.8/Modules/CheckFunctionExists.c
Linking C executable cmTryCompileExec1481444561
/usr/bin/cmake -E cmake_link_script CMakeFiles/cmTryCompileExec1481444561.dir/link.txt --verbose=1
/usr/bin/gcc     -DCHECK_FUNCTION_EXISTS=XOpenDisplay    CMakeFiles/cmTryCompileExec1481444561.dir/CheckFunctionExists.c.o  -o cmTryCompileExec1481444561 -rdynamic -lX11 -lXext 
make[1]: Leaving directory `/home/bumrang/Engine/obj/CMakeFiles/CMakeTmp'


Determining if the function gethostbyname exists passed with the following output:
Change Dir: /home/bumrang/Engine/obj/CMakeFiles/CMakeTmp

Run Build Command:/usr/bin/make "cmTryCompileExec472139026/fast"
/usr/bin/make -f CMakeFiles/cmTryCompileExec472139026.dir/build.make CMakeFiles/cmTryCompileExec472139026.dir/build
make[1]: Entering directory `/home/bumrang/Engine/obj/CMakeFiles/CMakeTmp'
/usr/bin/cmake -E cmake_progress_report /home/bumrang/Engine/obj/CMakeFiles/CMakeTmp/CMakeFiles 1
Building C object CMakeFiles/cmTryCompileExec472139026.dir/CheckFunctionExists.c.o
/usr/bin/gcc   -DCHECK_FUNCTION_EXISTS=gethostbyname   -o CMakeFiles/cmTryCompileExec472139026.dir/CheckFunctionExists.c.o   -c /usr/share/cmake-2.8/Modules/CheckFunctionExists.c
Linking C executable cmTryCompileExec472139026
/usr/bin/cmake -E cmake_link_script CMakeFiles/cmTryCompileExec472139026.dir/link.txt --verbose=1
/usr/bin/gcc     -DCHECK_FUNCTION_EXISTS=gethostbyname    CMakeFiles/cmTryCompileExec472139026.dir/CheckFunctionExists.c.o  -o cmTryCompileExec472139026 -rdynamic 
make[1]: Leaving directory `/home/bumrang/Engine/obj/CMakeFiles/CMakeTmp'


Determining if the function connect exists passed with the following output:
Change Dir: /home/bumrang/Engine/obj/CMakeFiles/CMakeTmp

Run Build Command:/usr/bin/make "cmTryCompileExec889550350/fast"
/usr/bin/make -f CMakeFiles/cmTryCompileExec889550350.dir/build.make CMakeFiles/cmTryCompileExec889550350.dir/build
make[1]: Entering directory `/home/bumrang/Engine/obj/CMakeFiles/CMakeTmp'
/usr/bin/cmake -E cmake_progress_report /home/bumrang/Engine/obj/CMakeFiles/CMakeTmp/CMakeFiles 1
Building C object CMakeFiles/cmTryCompileExec889550350.dir/CheckFunctionExists.c.o
/usr/bin/gcc   -DCHECK_FUNCTION_EXISTS=connect   -o CMakeFiles/cmTryCompileExec889550350.dir/CheckFunctionExists.c.o   -c /usr/share/cmake-2.8/Modules/CheckFunctionExists.c
Linking C executable cmTryCompileExec889550350
/usr/bin/cmake -E cmake_link_script CMakeFiles/cmTryCompileExec889550350.dir/link.txt --verbose=1
/usr/bin/gcc     -DCHECK_FUNCTION_EXISTS=connect    CMakeFiles/cmTryCompileExec889550350.dir/CheckFunctionExists.c.o  -o cmTryCompileExec889550350 -rdynamic 
make[1]: Leaving directory `/home/bumrang/Engine/obj/CMakeFiles/CMakeTmp'


Determining if the function remove exists passed with the following output:
Change Dir: /home/bumrang/Engine/obj/CMakeFiles/CMakeTmp

Run Build Command:/usr/bin/make "cmTryCompileExec2489238183/fast"
/usr/bin/make -f CMakeFiles/cmTryCompileExec2489238183.dir/build.make CMakeFiles/cmTryCompileExec2489238183.dir/build
make[1]: Entering directory `/home/bumrang/Engine/obj/CMakeFiles/CMakeTmp'
/usr/bin/cmake -E cmake_progress_report /home/bumrang/Engine/obj/CMakeFiles/CMakeTmp/CMakeFiles 1
Building C object CMakeFiles/cmTryCompileExec2489238183.dir/CheckFunctionExists.c.o
/usr/bin/gcc   -DCHECK_FUNCTION_EXISTS=remove   -o CMakeFiles/cmTryCompileExec2489238183.dir/CheckFunctionExists.c.o   -c /usr/share/cmake-2.8/Modules/CheckFunctionExists.c
Linking C executable cmTryCompileExec2489238183
/usr/bin/cmake -E cmake_link_script CMakeFiles/cmTryCompileExec2489238183.dir/link.txt --verbose=1
/usr/bin/gcc     -DCHECK_FUNCTION_EXISTS=remove    CMakeFiles/cmTryCompileExec2489238183.dir/CheckFunctionExists.c.o  -o cmTryCompileExec2489238183 -rdynamic 
make[1]: Leaving directory `/home/bumrang/Engine/obj/CMakeFiles/CMakeTmp'


Determining if the function shmat exists passed with the following output:
Change Dir: /home/bumrang/Engine/obj/CMakeFiles/CMakeTmp

Run Build Command:/usr/bin/make "cmTryCompileExec240540095/fast"
/usr/bin/make -f CMakeFiles/cmTryCompileExec240540095.dir/build.make CMakeFiles/cmTryCompileExec240540095.dir/build
make[1]: Entering directory `/home/bumrang/Engine/obj/CMakeFiles/CMakeTmp'
/usr/bin/cmake -E cmake_progress_report /home/bumrang/Engine/obj/CMakeFiles/CMakeTmp/CMakeFiles 1
Building C object CMakeFiles/cmTryCompileExec240540095.dir/CheckFunctionExists.c.o
/usr/bin/gcc   -DCHECK_FUNCTION_EXISTS=shmat   -o CMakeFiles/cmTryCompileExec240540095.dir/CheckFunctionExists.c.o   -c /usr/share/cmake-2.8/Modules/CheckFunctionExists.c
Linking C executable cmTryCompileExec240540095
/usr/bin/cmake -E cmake_link_script CMakeFiles/cmTryCompileExec240540095.dir/link.txt --verbose=1
/usr/bin/gcc     -DCHECK_FUNCTION_EXISTS=shmat    CMakeFiles/cmTryCompileExec240540095.dir/CheckFunctionExists.c.o  -o cmTryCompileExec240540095 -rdynamic 
make[1]: Leaving directory `/home/bumrang/Engine/obj/CMakeFiles/CMakeTmp'


Determining if the function IceConnectionNumber exists in the ICE passed with the following output:
Change Dir: /home/bumrang/Engine/obj/CMakeFiles/CMakeTmp

Run Build Command:/usr/bin/make "cmTryCompileExec1672242117/fast"
/usr/bin/make -f CMakeFiles/cmTryCompileExec1672242117.dir/build.make CMakeFiles/cmTryCompileExec1672242117.dir/build
make[1]: Entering directory `/home/bumrang/Engine/obj/CMakeFiles/CMakeTmp'
/usr/bin/cmake -E cmake_progress_report /home/bumrang/Engine/obj/CMakeFiles/CMakeTmp/CMakeFiles 1
Building C object CMakeFiles/cmTryCompileExec1672242117.dir/CheckFunctionExists.c.o
/usr/bin/gcc   -DCHECK_FUNCTION_EXISTS=IceConnectionNumber   -o CMakeFiles/cmTryCompileExec1672242117.dir/CheckFunctionExists.c.o   -c /usr/share/cmake-2.8/Modules/CheckFunctionExists.c
Linking C executable cmTryCompileExec1672242117
/usr/bin/cmake -E cmake_link_script CMakeFiles/cmTryCompileExec1672242117.dir/link.txt --verbose=1
/usr/bin/gcc     -DCHECK_FUNCTION_EXISTS=IceConnectionNumber    CMakeFiles/cmTryCompileExec1672242117.dir/CheckFunctionExists.c.o  -o cmTryCompileExec1672242117 -rdynamic -lICE 
make[1]: Leaving directory `/home/bumrang/Engine/obj/CMakeFiles/CMakeTmp'


The system is: Linux - 3.3.6-1-ARCH - x86_64
Compiling the C compiler identification source file "CMakeCCompilerId.c" succeeded.
Compiler: /usr/bin/gcc 
Build flags: 
Id flags: 

The output was:
0


Compilation of the C compiler identification source "CMakeCCompilerId.c" produced "a.out"

The C compiler identification is GNU, found in "/home/bumrang/Engine/CMakeFiles/CompilerIdC/a.out"

Compiling the CXX compiler identification source file "CMakeCXXCompilerId.cpp" succeeded.
Compiler: /usr/bin/c++ 
Build flags: 
Id flags: 

The output was:
0


Compilation of the CXX compiler identification source "CMakeCXXCompilerId.cpp" produced "a.out"

The CXX compiler identification is GNU, found in "/home/bumrang/Engine/CMakeFiles/CompilerIdCXX/a.out"

Determining if the C compiler works passed with the following output:
Change Dir: /home/bumrang/Engine/CMakeFiles/CMakeTmp

Run Build Command:/usr/bin/make "cmTryCompileExec1390210578/fast"
/usr/bin/make -f CMakeFiles/cmTryCompileExec1390210578.dir/build.make CMakeFiles/cmTryCompileExec1390210578.dir/build
make[1]: Entering directory `/home/bumrang/Engine/CMakeFiles/CMakeTmp'
/usr/bin/cmake -E cmake_progress_report /home/bumrang/Engine/CMakeFiles/CMakeTmp/CMakeFiles 1
Building C object CMakeFiles/cmTryCompileExec1390210578.dir/testCCompiler.c.o
/usr/bin/gcc    -o CMakeFiles/cmTryCompileExec1390210578.dir/testCCompiler.c.o   -c /home/bumrang/Engine/CMakeFiles/CMakeTmp/testCCompiler.c
Linking C executable cmTryCompileExec1390210578
/usr/bin/cmake -E cmake_link_script CMakeFiles/cmTryCompileExec1390210578.dir/link.txt --verbose=1
/usr/bin/gcc         CMakeFiles/cmTryCompileExec1390210578.dir/testCCompiler.c.o  -o cmTryCompileExec1390210578 -rdynamic 
make[1]: Leaving directory `/home/bumrang/Engine/CMakeFiles/CMakeTmp'


Detecting C compiler ABI info compiled with the following output:
Change Dir: /home/bumrang/Engine/CMakeFiles/CMakeTmp

Run Build Command:/usr/bin/make "cmTryCompileExec3838139603/fast"
/usr/bin/make -f CMakeFiles/cmTryCompileExec3838139603.dir/build.make CMakeFiles/cmTryCompileExec3838139603.dir/build
make[1]: Entering directory `/home/bumrang/Engine/CMakeFiles/CMakeTmp'
/usr/bin/cmake -E cmake_progress_report /home/bumrang/Engine/CMakeFiles/CMakeTmp/CMakeFiles 1
Building C object CMakeFiles/cmTryCompileExec3838139603.dir/CMakeCCompilerABI.c.o
/usr/bin/gcc    -o CMakeFiles/cmTryCompileExec3838139603.dir/CMakeCCompilerABI.c.o   -c /usr/share/cmake-2.8/Modules/CMakeCCompilerABI.c
Linking C executable cmTryCompileExec3838139603
/usr/bin/cmake -E cmake_link_script CMakeFiles/cmTryCompileExec3838139603.dir/link.txt --verbose=1
/usr/bin/gcc       -v CMakeFiles/cmTryCompileExec3838139603.dir/CMakeCCompilerABI.c.o  -o cmTryCompileExec3838139603 -rdynamic  
Using built-in specs.
COLLECT_GCC=/usr/bin/gcc
COLLECT_LTO_WRAPPER=/usr/lib/gcc/x86_64-unknown-linux-gnu/4.7.0/lto-wrapper
Target: x86_64-unknown-linux-gnu
Configured with: /build/src/gcc-4.7-20120505/configure --prefix=/usr --libdir=/usr/lib --libexecdir=/usr/lib --mandir=/usr/share/man --infodir=/usr/share/info --with-bugurl=https://bugs.archlinux.org/ --enable-languages=c,c++,ada,fortran,go,lto,objc,obj-c++ --enable-shared --enable-threads=posix --with-system-zlib --enable-__cxa_atexit --disable-libunwind-exceptions --enable-clocale=gnu --disable-libstdcxx-pch --enable-libstdcxx-time --enable-gnu-unique-object --enable-linker-build-id --with-ppl --enable-cloog-backend=isl --enable-lto --enable-gold --enable-ld=default --enable-plugin --with-plugin-ld=ld.gold --with-linker-hash-style=gnu --disable-multilib --disable-libssp --disable-build-with-cxx --disable-build-poststage1-with-cxx --enable-checking=release
Thread model: posix
gcc version 4.7.0 20120505 (prerelease) (GCC) 
COMPILER_PATH=/usr/lib/gcc/x86_64-unknown-linux-gnu/4.7.0/:/usr/lib/gcc/x86_64-unknown-linux-gnu/4.7.0/:/usr/lib/gcc/x86_64-unknown-linux-gnu/:/usr/lib/gcc/x86_64-unknown-linux-gnu/4.7.0/:/usr/lib/gcc/x86_64-unknown-linux-gnu/
LIBRARY_PATH=/usr/lib/gcc/x86_64-unknown-linux-gnu/4.7.0/:/usr/lib/gcc/x86_64-unknown-linux-gnu/4.7.0/../../../../lib/:/lib/../lib/:/usr/lib/../lib/:/usr/lib/gcc/x86_64-unknown-linux-gnu/4.7.0/../../../:/lib/:/usr/lib/
COLLECT_GCC_OPTIONS='-v' '-o' 'cmTryCompileExec3838139603' '-rdynamic' '-mtune=generic' '-march=x86-64'
 /usr/lib/gcc/x86_64-unknown-linux-gnu/4.7.0/collect2 --build-id --eh-frame-hdr --hash-style=gnu -m elf_x86_64 -export-dynamic -dynamic-linker /lib/ld-linux-x86-64.so.2 -o cmTryCompileExec3838139603 /usr/lib/gcc/x86_64-unknown-linux-gnu/4.7.0/../../../../lib/crt1.o /usr/lib/gcc/x86_64-unknown-linux-gnu/4.7.0/../../../../lib/crti.o /usr/lib/gcc/x86_64-unknown-linux-gnu/4.7.0/crtbegin.o -L/usr/lib/gcc/x86_64-unknown-linux-gnu/4.7.0 -L/usr/lib/gcc/x86_64-unknown-linux-gnu/4.7.0/../../../../lib -L/lib/../lib -L/usr/lib/../lib -L/usr/lib/gcc/x86_64-unknown-linux-gnu/4.7.0/../../.. CMakeFiles/cmTryCompileExec3838139603.dir/CMakeCCompilerABI.c.o -lgcc --as-needed -lgcc_s --no-as-needed -lc -lgcc --as-needed -lgcc_s --no-as-needed /usr/lib/gcc/x86_64-unknown-linux-gnu/4.7.0/crtend.o /usr/lib/gcc/x86_64-unknown-linux-gnu/4.7.0/../../../../lib/crtn.o
make[1]: Leaving directory `/home/bumrang/Engine/CMakeFiles/CMakeTmp'


Parsed C implicit link information from above output:
  link line regex: [^( *|.*[/\])(ld|ld|collect2)[^/\]*( |$)]
  ignore line: [Change Dir: /home/bumrang/Engine/CMakeFiles/CMakeTmp]
  ignore line: []
  ignore line: [Run Build Command:/usr/bin/make "cmTryCompileExec3838139603/fast"]
  ignore line: [/usr/bin/make -f CMakeFiles/cmTryCompileExec3838139603.dir/build.make CMakeFiles/cmTryCompileExec3838139603.dir/build]
  ignore line: [make[1]: Entering directory `/home/bumrang/Engine/CMakeFiles/CMakeTmp']
  ignore line: [/usr/bin/cmake -E cmake_progress_report /home/bumrang/Engine/CMakeFiles/CMakeTmp/CMakeFiles 1]
  ignore line: [Building C object CMakeFiles/cmTryCompileExec3838139603.dir/CMakeCCompilerABI.c.o]
  ignore line: [/usr/bin/gcc    -o CMakeFiles/cmTryCompileExec3838139603.dir/CMakeCCompilerABI.c.o   -c /usr/share/cmake-2.8/Modules/CMakeCCompilerABI.c]
  ignore line: [Linking C executable cmTryCompileExec3838139603]
  ignore line: [/usr/bin/cmake -E cmake_link_script CMakeFiles/cmTryCompileExec3838139603.dir/link.txt --verbose=1]
  ignore line: [/usr/bin/gcc       -v CMakeFiles/cmTryCompileExec3838139603.dir/CMakeCCompilerABI.c.o  -o cmTryCompileExec3838139603 -rdynamic  ]
  ignore line: [Using built-in specs.]
  ignore line: [COLLECT_GCC=/usr/bin/gcc]
  ignore line: [COLLECT_LTO_WRAPPER=/usr/lib/gcc/x86_64-unknown-linux-gnu/4.7.0/lto-wrapper]
  ignore line: [Target: x86_64-unknown-linux-gnu]
  ignore line: [Configured with: /build/src/gcc-4.7-20120505/configure --prefix=/usr --libdir=/usr/lib --libexecdir=/usr/lib --mandir=/usr/share/man --infodir=/usr/share/info --with-bugurl=https://bugs.archlinux.org/ --enable-languages=c,c++,ada,fortran,go,lto,objc,obj-c++ --enable-shared --enable-threads=posix --with-system-zlib --enable-__cxa_atexit --disable-libunwind-exceptions --enable-clocale=gnu --disable-libstdcxx-pch --enable-libstdcxx-time --enable-gnu-unique-object --enable-linker-build-id --with-ppl --enable-cloog-backend=isl --enable-lto --enable-gold --enable-ld=default --enable-plugin --with-plugin-ld=ld.gold --with-linker-hash-style=gnu --disable-multilib --disable-libssp --disable-build-with-cxx --disable-build-poststage1-with-cxx --enable-checking=release]
  ignore line: [Thread model: posix]
  ignore line: [gcc version 4.7.0 20120505 (prerelease) (GCC) ]
  ignore line: [COMPILER_PATH=/usr/lib/gcc/x86_64-unknown-linux-gnu/4.7.0/:/usr/lib/gcc/x86_64-unknown-linux-gnu/4.7.0/:/usr/lib/gcc/x86_64-unknown-linux-gnu/:/usr/lib/gcc/x86_64-unknown-linux-gnu/4.7.0/:/usr/lib/gcc/x86_64-unknown-linux-gnu/]
  ignore line: [LIBRARY_PATH=/usr/lib/gcc/x86_64-unknown-linux-gnu/4.7.0/:/usr/lib/gcc/x86_64-unknown-linux-gnu/4.7.0/../../../../lib/:/lib/../lib/:/usr/lib/../lib/:/usr/lib/gcc/x86_64-unknown-linux-gnu/4.7.0/../../../:/lib/:/usr/lib/]
  ignore line: [COLLECT_GCC_OPTIONS='-v' '-o' 'cmTryCompileExec3838139603' '-rdynamic' '-mtune=generic' '-march=x86-64']
  link line: [ /usr/lib/gcc/x86_64-unknown-linux-gnu/4.7.0/collect2 --build-id --eh-frame-hdr --hash-style=gnu -m elf_x86_64 -export-dynamic -dynamic-linker /lib/ld-linux-x86-64.so.2 -o cmTryCompileExec3838139603 /usr/lib/gcc/x86_64-unknown-linux-gnu/4.7.0/../../../../lib/crt1.o /usr/lib/gcc/x86_64-unknown-linux-gnu/4.7.0/../../../../lib/crti.o /usr/lib/gcc/x86_64-unknown-linux-gnu/4.7.0/crtbegin.o -L/usr/lib/gcc/x86_64-unknown-linux-gnu/4.7.0 -L/usr/lib/gcc/x86_64-unknown-linux-gnu/4.7.0/../../../../lib -L/lib/../lib -L/usr/lib/../lib -L/usr/lib/gcc/x86_64-unknown-linux-gnu/4.7.0/../../.. CMakeFiles/cmTryCompileExec3838139603.dir/CMakeCCompilerABI.c.o -lgcc --as-needed -lgcc_s --no-as-needed -lc -lgcc --as-needed -lgcc_s --no-as-needed /usr/lib/gcc/x86_64-unknown-linux-gnu/4.7.0/crtend.o /usr/lib/gcc/x86_64-unknown-linux-gnu/4.7.0/../../../../lib/crtn.o]
    arg [/usr/lib/gcc/x86_64-unknown-linux-gnu/4.7.0/collect2] ==> ignore
    arg [--build-id] ==> ignore
    arg [--eh-frame-hdr] ==> ignore
    arg [--hash-style=gnu] ==> ignore
    arg [-m] ==> ignore
    arg [elf_x86_64] ==> ignore
    arg [-export-dynamic] ==> ignore
    arg [-dynamic-linker] ==> ignore
    arg [/lib/ld-linux-x86-64.so.2] ==> ignore
    arg [-o] ==> ignore
    arg [cmTryCompileExec3838139603] ==> ignore
    arg [/usr/lib/gcc/x86_64-unknown-linux-gnu/4.7.0/../../../../lib/crt1.o] ==> ignore
    arg [/usr/lib/gcc/x86_64-unknown-linux-gnu/4.7.0/../../../../lib/crti.o] ==> ignore
    arg [/usr/lib/gcc/x86_64-unknown-linux-gnu/4.7.0/crtbegin.o] ==> ignore
    arg [-L/usr/lib/gcc/x86_64-unknown-linux-gnu/4.7.0] ==> dir [/usr/lib/gcc/x86_64-unknown-linux-gnu/4.7.0]
    arg [-L/usr/lib/gcc/x86_64-unknown-linux-gnu/4.7.0/../../../../lib] ==> dir [/usr/lib/gcc/x86_64-unknown-linux-gnu/4.7.0/../../../../lib]
    arg [-L/lib/../lib] ==> dir [/lib/../lib]
    arg [-L/usr/lib/../lib] ==> dir [/usr/lib/../lib]
    arg [-L/usr/lib/gcc/x86_64-unknown-linux-gnu/4.7.0/../../..] ==> dir [/usr/lib/gcc/x86_64-unknown-linux-gnu/4.7.0/../../..]
    arg [CMakeFiles/cmTryCompileExec3838139603.dir/CMakeCCompilerABI.c.o] ==> ignore
    arg [-lgcc] ==> lib [gcc]
    arg [--as-needed] ==> ignore
    arg [-lgcc_s] ==> lib [gcc_s]
    arg [--no-as-needed] ==> ignore
    arg [-lc] ==> lib [c]
    arg [-lgcc] ==> lib [gcc]
    arg [--as-needed] ==> ignore
    arg [-lgcc_s] ==> lib [gcc_s]
    arg [--no-as-needed] ==> ignore
    arg [/usr/lib/gcc/x86_64-unknown-linux-gnu/4.7.0/crtend.o] ==> ignore
    arg [/usr/lib/gcc/x86_64-unknown-linux-gnu/4.7.0/../../../../lib/crtn.o] ==> ignore
  remove lib [gcc]
  remove lib [gcc_s]
  remove lib [gcc]
  remove lib [gcc_s]
  collapse dir [/usr/lib/gcc/x86_64-unknown-linux-gnu/4.7.0] ==> [/usr/lib/gcc/x86_64-unknown-linux-gnu/4.7.0]
  collapse dir [/usr/lib/gcc/x86_64-unknown-linux-gnu/4.7.0/../../../../lib] ==> [/usr/lib]
  collapse dir [/lib/../lib] ==> [/lib]
  collapse dir [/usr/lib/../lib] ==> [/usr/lib]
  collapse dir [/usr/lib/gcc/x86_64-unknown-linux-gnu/4.7.0/../../..] ==> [/usr/lib]
  implicit libs: [c]
  implicit dirs: [/usr/lib/gcc/x86_64-unknown-linux-gnu/4.7.0;/usr/lib;/lib]


Determining if the CXX compiler works passed with the following output:
Change Dir: /home/bumrang/Engine/CMakeFiles/CMakeTmp

Run Build Command:/usr/bin/make "cmTryCompileExec1818883683/fast"
/usr/bin/make -f CMakeFiles/cmTryCompileExec1818883683.dir/build.make CMakeFiles/cmTryCompileExec1818883683.dir/build
make[1]: Entering directory `/home/bumrang/Engine/CMakeFiles/CMakeTmp'
/usr/bin/cmake -E cmake_progress_report /home/bumrang/Engine/CMakeFiles/CMakeTmp/CMakeFiles 1
Building CXX object CMakeFiles/cmTryCompileExec1818883683.dir/testCXXCompiler.cxx.o
/usr/bin/c++     -o CMakeFiles/cmTryCompileExec1818883683.dir/testCXXCompiler.cxx.o -c /home/bumrang/Engine/CMakeFiles/CMakeTmp/testCXXCompiler.cxx
Linking CXX executable cmTryCompileExec1818883683
/usr/bin/cmake -E cmake_link_script CMakeFiles/cmTryCompileExec1818883683.dir/link.txt --verbose=1
/usr/bin/c++          CMakeFiles/cmTryCompileExec1818883683.dir/testCXXCompiler.cxx.o  -o cmTryCompileExec1818883683 -rdynamic 
make[1]: Leaving directory `/home/bumrang/Engine/CMakeFiles/CMakeTmp'


Detecting CXX compiler ABI info compiled with the following output:
Change Dir: /home/bumrang/Engine/CMakeFiles/CMakeTmp

Run Build Command:/usr/bin/make "cmTryCompileExec492172857/fast"
/usr/bin/make -f CMakeFiles/cmTryCompileExec492172857.dir/build.make CMakeFiles/cmTryCompileExec492172857.dir/build
make[1]: Entering directory `/home/bumrang/Engine/CMakeFiles/CMakeTmp'
/usr/bin/cmake -E cmake_progress_report /home/bumrang/Engine/CMakeFiles/CMakeTmp/CMakeFiles 1
Building CXX object CMakeFiles/cmTryCompileExec492172857.dir/CMakeCXXCompilerABI.cpp.o
/usr/bin/c++     -o CMakeFiles/cmTryCompileExec492172857.dir/CMakeCXXCompilerABI.cpp.o -c /usr/share/cmake-2.8/Modules/CMakeCXXCompilerABI.cpp
Linking CXX executable cmTryCompileExec492172857
/usr/bin/cmake -E cmake_link_script CMakeFiles/cmTryCompileExec492172857.dir/link.txt --verbose=1
/usr/bin/c++        -v CMakeFiles/cmTryCompileExec492172857.dir/CMakeCXXCompilerABI.cpp.o  -o cmTryCompileExec492172857 -rdynamic  
Using built-in specs.
COLLECT_GCC=/usr/bin/c++
COLLECT_LTO_WRAPPER=/usr/lib/gcc/x86_64-unknown-linux-gnu/4.7.0/lto-wrapper
Target: x86_64-unknown-linux-gnu
Configured with: /build/src/gcc-4.7-20120505/configure --prefix=/usr --libdir=/usr/lib --libexecdir=/usr/lib --mandir=/usr/share/man --infodir=/usr/share/info --with-bugurl=https://bugs.archlinux.org/ --enable-languages=c,c++,ada,fortran,go,lto,objc,obj-c++ --enable-shared --enable-threads=posix --with-system-zlib --enable-__cxa_atexit --disable-libunwind-exceptions --enable-clocale=gnu --disable-libstdcxx-pch --enable-libstdcxx-time --enable-gnu-unique-object --enable-linker-build-id --with-ppl --enable-cloog-backend=isl --enable-lto --enable-gold --enable-ld=default --enable-plugin --with-plugin-ld=ld.gold --with-linker-hash-style=gnu --disable-multilib --disable-libssp --disable-build-with-cxx --disable-build-poststage1-with-cxx --enable-checking=release
Thread model: posix
gcc version 4.7.0 20120505 (prerelease) (GCC) 
COMPILER_PATH=/usr/lib/gcc/x86_64-unknown-linux-gnu/4.7.0/:/usr/lib/gcc/x86_64-unknown-linux-gnu/4.7.0/:/usr/lib/gcc/x86_64-unknown-linux-gnu/:/usr/lib/gcc/x86_64-unknown-linux-gnu/4.7.0/:/usr/lib/gcc/x86_64-unknown-linux-gnu/
LIBRARY_PATH=/usr/lib/gcc/x86_64-unknown-linux-gnu/4.7.0/:/usr/lib/gcc/x86_64-unknown-linux-gnu/4.7.0/../../../../lib/:/lib/../lib/:/usr/lib/../lib/:/usr/lib/gcc/x86_64-unknown-linux-gnu/4.7.0/../../../:/lib/:/usr/lib/
COLLECT_GCC_OPTIONS='-v' '-o' 'cmTryCompileExec492172857' '-rdynamic' '-shared-libgcc' '-mtune=generic' '-march=x86-64'
 /usr/lib/gcc/x86_64-unknown-linux-gnu/4.7.0/collect2 --build-id --eh-frame-hdr --hash-style=gnu -m elf_x86_64 -export-dynamic -dynamic-linker /lib/ld-linux-x86-64.so.2 -o cmTryCompileExec492172857 /usr/lib/gcc/x86_64-unknown-linux-gnu/4.7.0/../../../../lib/crt1.o /usr/lib/gcc/x86_64-unknown-linux-gnu/4.7.0/../../../../lib/crti.o /usr/lib/gcc/x86_64-unknown-linux-gnu/4.7.0/crtbegin.o -L/usr/lib/gcc/x86_64-unknown-linux-gnu/4.7.0 -L/usr/lib/gcc/x86_64-unknown-linux-gnu/4.7.0/../../../../lib -L/lib/../lib -L/usr/lib/../lib -L/usr/lib/gcc/x86_64-unknown-linux-gnu/4.7.0/../../.. CMakeFiles/cmTryCompileExec492172857.dir/CMakeCXXCompilerABI.cpp.o -lstdc++ -lm -lgcc_s -lgcc -lc -lgcc_s -lgcc /usr/lib/gcc/x86_64-unknown-linux-gnu/4.7.0/crtend.o /usr/lib/gcc/x86_64-unknown-linux-gnu/4.7.0/../../../../lib/crtn.o
make[1]: Leaving directory `/home/bumrang/Engine/CMakeFiles/CMakeTmp'


Parsed CXX implicit link information from above output:
  link line regex: [^( *|.*[/\])(ld|ld|collect2)[^/\]*( |$)]
  ignore line: [Change Dir: /home/bumrang/Engine/CMakeFiles/CMakeTmp]
  ignore line: []
  ignore line: [Run Build Command:/usr/bin/make "cmTryCompileExec492172857/fast"]
  ignore line: [/usr/bin/make -f CMakeFiles/cmTryCompileExec492172857.dir/build.make CMakeFiles/cmTryCompileExec492172857.dir/build]
  ignore line: [make[1]: Entering directory `/home/bumrang/Engine/CMakeFiles/CMakeTmp']
  ignore line: [/usr/bin/cmake -E cmake_progress_report /home/bumrang/Engine/CMakeFiles/CMakeTmp/CMakeFiles 1]
  ignore line: [Building CXX object CMakeFiles/cmTryCompileExec492172857.dir/CMakeCXXCompilerABI.cpp.o]
  ignore line: [/usr/bin/c++     -o CMakeFiles/cmTryCompileExec492172857.dir/CMakeCXXCompilerABI.cpp.o -c /usr/share/cmake-2.8/Modules/CMakeCXXCompilerABI.cpp]
  ignore line: [Linking CXX executable cmTryCompileExec492172857]
  ignore line: [/usr/bin/cmake -E cmake_link_script CMakeFiles/cmTryCompileExec492172857.dir/link.txt --verbose=1]
  ignore line: [/usr/bin/c++        -v CMakeFiles/cmTryCompileExec492172857.dir/CMakeCXXCompilerABI.cpp.o  -o cmTryCompileExec492172857 -rdynamic  ]
  ignore line: [Using built-in specs.]
  ignore line: [COLLECT_GCC=/usr/bin/c++]
  ignore line: [COLLECT_LTO_WRAPPER=/usr/lib/gcc/x86_64-unknown-linux-gnu/4.7.0/lto-wrapper]
  ignore line: [Target: x86_64-unknown-linux-gnu]
  ignore line: [Configured with: /build/src/gcc-4.7-20120505/configure --prefix=/usr --libdir=/usr/lib --libexecdir=/usr/lib --mandir=/usr/share/man --infodir=/usr/share/info --with-bugurl=https://bugs.archlinux.org/ --enable-languages=c,c++,ada,fortran,go,lto,objc,obj-c++ --enable-shared --enable-threads=posix --with-system-zlib --enable-__cxa_atexit --disable-libunwind-exceptions --enable-clocale=gnu --disable-libstdcxx-pch --enable-libstdcxx-time --enable-gnu-unique-object --enable-linker-build-id --with-ppl --enable-cloog-backend=isl --enable-lto --enable-gold --enable-ld=default --enable-plugin --with-plugin-ld=ld.gold --with-linker-hash-style=gnu --disable-multilib --disable-libssp --disable-build-with-cxx --disable-build-poststage1-with-cxx --enable-checking=release]
  ignore line: [Thread model: posix]
  ignore line: [gcc version 4.7.0 20120505 (prerelease) (GCC) ]
  ignore line: [COMPILER_PATH=/usr/lib/gcc/x86_64-unknown-linux-gnu/4.7.0/:/usr/lib/gcc/x86_64-unknown-linux-gnu/4.7.0/:/usr/lib/gcc/x86_64-unknown-linux-gnu/:/usr/lib/gcc/x86_64-unknown-linux-gnu/4.7.0/:/usr/lib/gcc/x86_64-unknown-linux-gnu/]
  ignore line: [LIBRARY_PATH=/usr/lib/gcc/x86_64-unknown-linux-gnu/4.7.0/:/usr/lib/gcc/x86_64-unknown-linux-gnu/4.7.0/../../../../lib/:/lib/../lib/:/usr/lib/../lib/:/usr/lib/gcc/x86_64-unknown-linux-gnu/4.7.0/../../../:/lib/:/usr/lib/]
  ignore line: [COLLECT_GCC_OPTIONS='-v' '-o' 'cmTryCompileExec492172857' '-rdynamic' '-shared-libgcc' '-mtune=generic' '-march=x86-64']
  link line: [ /usr/lib/gcc/x86_64-unknown-linux-gnu/4.7.0/collect2 --build-id --eh-frame-hdr --hash-style=gnu -m elf_x86_64 -export-dynamic -dynamic-linker /lib/ld-linux-x86-64.so.2 -o cmTryCompileExec492172857 /usr/lib/gcc/x86_64-unknown-linux-gnu/4.7.0/../../../../lib/crt1.o /usr/lib/gcc/x86_64-unknown-linux-gnu/4.7.0/../../../../lib/crti.o /usr/lib/gcc/x86_64-unknown-linux-gnu/4.7.0/crtbegin.o -L/usr/lib/gcc/x86_64-unknown-linux-gnu/4.7.0 -L/usr/lib/gcc/x86_64-unknown-linux-gnu/4.7.0/../../../../lib -L/lib/../lib -L/usr/lib/../lib -L/usr/lib/gcc/x86_64-unknown-linux-gnu/4.7.0/../../.. CMakeFiles/cmTryCompileExec492172857.dir/CMakeCXXCompilerABI.cpp.o -lstdc++ -lm -lgcc_s -lgcc -lc -lgcc_s -lgcc /usr/lib/gcc/x86_64-unknown-linux-gnu/4.7.0/crtend.o /usr/lib/gcc/x86_64-unknown-linux-gnu/4.7.0/../../../../lib/crtn.o]
    arg [/usr/lib/gcc/x86_64-unknown-linux-gnu/4.7.0/collect2] ==> ignore
    arg [--build-id] ==> ignore
    arg [--eh-frame-hdr] ==> ignore
    arg [--hash-style=gnu] ==> ignore
    arg [-m] ==> ignore
    arg [elf_x86_64] ==> ignore
    arg [-export-dynamic] ==> ignore
    arg [-dynamic-linker] ==> ignore
    arg [/lib/ld-linux-x86-64.so.2] ==> ignore
    arg [-o] ==> ignore
    arg [cmTryCompileExec492172857] ==> ignore
    arg [/usr/lib/gcc/x86_64-unknown-linux-gnu/4.7.0/../../../../lib/crt1.o] ==> ignore
    arg [/usr/lib/gcc/x86_64-unknown-linux-gnu/4.7.0/../../../../lib/crti.o] ==> ignore
    arg [/usr/lib/gcc/x86_64-unknown-linux-gnu/4.7.0/crtbegin.o] ==> ignore
    arg [-L/usr/lib/gcc/x86_64-unknown-linux-gnu/4.7.0] ==> dir [/usr/lib/gcc/x86_64-unknown-linux-gnu/4.7.0]
    arg [-L/usr/lib/gcc/x86_64-unknown-linux-gnu/4.7.0/../../../../lib] ==> dir [/usr/lib/gcc/x86_64-unknown-linux-gnu/4.7.0/../../../../lib]
    arg [-L/lib/../lib] ==> dir [/lib/../lib]
    arg [-L/usr/lib/../lib] ==> dir [/usr/lib/../lib]
    arg [-L/usr/lib/gcc/x86_64-unknown-linux-gnu/4.7.0/../../..] ==> dir [/usr/lib/gcc/x86_64-unknown-linux-gnu/4.7.0/../../..]
    arg [CMakeFiles/cmTryCompileExec492172857.dir/CMakeCXXCompilerABI.cpp.o] ==> ignore
    arg [-lstdc++] ==> lib [stdc++]
    arg [-lm] ==> lib [m]
    arg [-lgcc_s] ==> lib [gcc_s]
    arg [-lgcc] ==> lib [gcc]
    arg [-lc] ==> lib [c]
    arg [-lgcc_s] ==> lib [gcc_s]
    arg [-lgcc] ==> lib [gcc]
    arg [/usr/lib/gcc/x86_64-unknown-linux-gnu/4.7.0/crtend.o] ==> ignore
    arg [/usr/lib/gcc/x86_64-unknown-linux-gnu/4.7.0/../../../../lib/crtn.o] ==> ignore
  remove lib [gcc_s]
  remove lib [gcc]
  remove lib [gcc_s]
  remove lib [gcc]
  collapse dir [/usr/lib/gcc/x86_64-unknown-linux-gnu/4.7.0] ==> [/usr/lib/gcc/x86_64-unknown-linux-gnu/4.7.0]
  collapse dir [/usr/lib/gcc/x86_64-unknown-linux-gnu/4.7.0/../../../../lib] ==> [/usr/lib]
  collapse dir [/lib/../lib] ==> [/lib]
  collapse dir [/usr/lib/../lib] ==> [/usr/lib]
  collapse dir [/usr/lib/gcc/x86_64-unknown-linux-gnu/4.7.0/../../..] ==> [/usr/lib]
  implicit libs: [stdc++;m;c]
  implicit dirs: [/usr/lib/gcc/x86_64-unknown-linux-gnu/4.7.0;/usr/lib;/lib]


Determining if the function XOpenDisplay exists in the /usr/lib/libX11.so;/usr/lib/libXext.so passed with the following output:
Change Dir: /home/bumrang/Engine/CMakeFiles/CMakeTmp

Run Build Command:/usr/bin/make "cmTryCompileExec3066457931/fast"
/usr/bin/make -f CMakeFiles/cmTryCompileExec3066457931.dir/build.make CMakeFiles/cmTryCompileExec3066457931.dir/build
make[1]: Entering directory `/home/bumrang/Engine/CMakeFiles/CMakeTmp'
/usr/bin/cmake -E cmake_progress_report /home/bumrang/Engine/CMakeFiles/CMakeTmp/CMakeFiles 1
Building C object CMakeFiles/cmTryCompileExec3066457931.dir/CheckFunctionExists.c.o
/usr/bin/gcc   -DCHECK_FUNCTION_EXISTS=XOpenDisplay   -o CMakeFiles/cmTryCompileExec3066457931.dir/CheckFunctionExists.c.o   -c /usr/share/cmake-2.8/Modules/CheckFunctionExists.c
Linking C executable cmTryCompileExec3066457931
/usr/bin/cmake -E cmake_link_script CMakeFiles/cmTryCompileExec3066457931.dir/link.txt --verbose=1
/usr/bin/gcc     -DCHECK_FUNCTION_EXISTS=XOpenDisplay    CMakeFiles/cmTryCompileExec3066457931.dir/CheckFunctionExists.c.o  -o cmTryCompileExec3066457931 -rdynamic -lX11 -lXext 
make[1]: Leaving directory `/home/bumrang/Engine/CMakeFiles/CMakeTmp'


Determining if the function gethostbyname exists passed with the following output:
Change Dir: /home/bumrang/Engine/CMakeFiles/CMakeTmp

Run Build Command:/usr/bin/make "cmTryCompileExec3788396305/fast"
/usr/bin/make -f CMakeFiles/cmTryCompileExec3788396305.dir/build.make CMakeFiles/cmTryCompileExec3788396305.dir/build
make[1]: Entering directory `/home/bumrang/Engine/CMakeFiles/CMakeTmp'
/usr/bin/cmake -E cmake_progress_report /home/bumrang/Engine/CMakeFiles/CMakeTmp/CMakeFiles 1
Building C object CMakeFiles/cmTryCompileExec3788396305.dir/CheckFunctionExists.c.o
/usr/bin/gcc   -DCHECK_FUNCTION_EXISTS=gethostbyname   -o CMakeFiles/cmTryCompileExec3788396305.dir/CheckFunctionExists.c.o   -c /usr/share/cmake-2.8/Modules/CheckFunctionExists.c
Linking C executable cmTryCompileExec3788396305
/usr/bin/cmake -E cmake_link_script CMakeFiles/cmTryCompileExec3788396305.dir/link.txt --verbose=1
/usr/bin/gcc     -DCHECK_FUNCTION_EXISTS=gethostbyname    CMakeFiles/cmTryCompileExec3788396305.dir/CheckFunctionExists.c.o  -o cmTryCompileExec3788396305 -rdynamic 
make[1]: Leaving directory `/home/bumrang/Engine/CMakeFiles/CMakeTmp'


Determining if the function connect exists passed with the following output:
Change Dir: /home/bumrang/Engine/CMakeFiles/CMakeTmp

Run Build Command:/usr/bin/make "cmTryCompileExec3831308805/fast"
/usr/bin/make -f CMakeFiles/cmTryCompileExec3831308805.dir/build.make CMakeFiles/cmTryCompileExec3831308805.dir/build
make[1]: Entering directory `/home/bumrang/Engine/CMakeFiles/CMakeTmp'
/usr/bin/cmake -E cmake_progress_report /home/bumrang/Engine/CMakeFiles/CMakeTmp/CMakeFiles 1
Building C object CMakeFiles/cmTryCompileExec3831308805.dir/CheckFunctionExists.c.o
/usr/bin/gcc   -DCHECK_FUNCTION_EXISTS=connect   -o CMakeFiles/cmTryCompileExec3831308805.dir/CheckFunctionExists.c.o   -c /usr/share/cmake-2.8/Modules/CheckFunctionExists.c
Linking C executable cmTryCompileExec3831308805
/usr/bin/cmake -E cmake_link_script CMakeFiles/cmTryCompileExec3831308805.dir/link.txt --verbose=1
/usr/bin/gcc     -DCHECK_FUNCTION_EXISTS=connect    CMakeFiles/cmTryCompileExec3831308805.dir/CheckFunctionExists.c.o  -o cmTryCompileExec3831308805 -rdynamic 
make[1]: Leaving directory `/home/bumrang/Engine/CMakeFiles/CMakeTmp'


Determining if the function remove exists passed with the following output:
Change Dir: /home/bumrang/Engine/CMakeFiles/CMakeTmp

Run Build Command:/usr/bin/make "cmTryCompileExec2028679755/fast"
/usr/bin/make -f CMakeFiles/cmTryCompileExec2028679755.dir/build.make CMakeFiles/cmTryCompileExec2028679755.dir/build
make[1]: Entering directory `/home/bumrang/Engine/CMakeFiles/CMakeTmp'
/usr/bin/cmake -E cmake_progress_report /home/bumrang/Engine/CMakeFiles/CMakeTmp/CMakeFiles 1
Building C object CMakeFiles/cmTryCompileExec2028679755.dir/CheckFunctionExists.c.o
/usr/bin/gcc   -DCHECK_FUNCTION_EXISTS=remove   -o CMakeFiles/cmTryCompileExec2028679755.dir/CheckFunctionExists.c.o   -c /usr/share/cmake-2.8/Modules/CheckFunctionExists.c
Linking C executable cmTryCompileExec2028679755
/usr/bin/cmake -E cmake_link_script CMakeFiles/cmTryCompileExec2028679755.dir/link.txt --verbose=1
/usr/bin/gcc     -DCHECK_FUNCTION_EXISTS=remove    CMakeFiles/cmTryCompileExec2028679755.dir/CheckFunctionExists.c.o  -o cmTryCompileExec2028679755 -rdynamic 
make[1]: Leaving directory `/home/bumrang/Engine/CMakeFiles/CMakeTmp'


Determining if the function shmat exists passed with the following output:
Change Dir: /home/bumrang/Engine/CMakeFiles/CMakeTmp

Run Build Command:/usr/bin/make "cmTryCompileExec1685591336/fast"
/usr/bin/make -f CMakeFiles/cmTryCompileExec1685591336.dir/build.make CMakeFiles/cmTryCompileExec1685591336.dir/build
make[1]: Entering directory `/home/bumrang/Engine/CMakeFiles/CMakeTmp'
/usr/bin/cmake -E cmake_progress_report /home/bumrang/Engine/CMakeFiles/CMakeTmp/CMakeFiles 1
Building C object CMakeFiles/cmTryCompileExec1685591336.dir/CheckFunctionExists.c.o
/usr/bin/gcc   -DCHECK_FUNCTION_EXISTS=shmat   -o CMakeFiles/cmTryCompileExec1685591336.dir/CheckFunctionExists.c.o   -c /usr/share/cmake-2.8/Modules/CheckFunctionExists.c
Linking C executable cmTryCompileExec1685591336
/usr/bin/cmake -E cmake_link_script CMakeFiles/cmTryCompileExec1685591336.dir/link.txt --verbose=1
/usr/bin/gcc     -DCHECK_FUNCTION_EXISTS=shmat    CMakeFiles/cmTryCompileExec1685591336.dir/CheckFunctionExists.c.o  -o cmTryCompileExec1685591336 -rdynamic 
make[1]: Leaving directory `/home/bumrang/Engine/CMakeFiles/CMakeTmp'


Determining if the function IceConnectionNumber exists in the ICE passed with the following output:
Change Dir: /home/bumrang/Engine/CMakeFiles/CMakeTmp

Run Build Command:/usr/bin/make "cmTryCompileExec716193050/fast"
/usr/bin/make -f CMakeFiles/cmTryCompileExec716193050.dir/build.make CMakeFiles/cmTryCompileExec716193050.dir/build
make[1]: Entering directory `/home/bumrang/Engine/CMakeFiles/CMakeTmp'
/usr/bin/cmake -E cmake_progress_report /home/bumrang/Engine/CMakeFiles/CMakeTmp/CMakeFiles 1
Building C object CMakeFiles/cmTryCompileExec716193050.dir/CheckFunctionExists.c.o
/usr/bin/gcc   -DCHECK_FUNCTION_EXISTS=IceConnectionNumber   -o CMakeFiles/cmTryCompileExec716193050.dir/CheckFunctionExists.c.o   -c /usr/share/cmake-2.8/Modules/CheckFunctionExists.c
Linking C executable cmTryCompileExec716193050
/usr/bin/cmake -E cmake_link_script CMakeFiles/cmTryCompileExec716193050.dir/link.txt --verbose=1
/usr/bin/gcc     -DCHECK_FUNCTION_EXISTS=IceConnectionNumber    CMakeFiles/cmTryCompileExec716193050.dir/CheckFunctionExists.c.o  -o cmTryCompileExec716193050 -rdynamic -lICE 
make[1]: Leaving directory `/home/bumrang/Engine/CMakeFiles/CMakeTmp'


